============================================================
  Generated by:           Genus(TM) Synthesis Solution 20.11-s111_1
  Generated on:           Oct 08 2025  02:41:50 pm
  Module:                 pe64_if_else
  Operating conditions:   slow (balanced_tree)
  Wireload mode:          enclosed
  Area mode:              timing library
============================================================

                              
   Gate    Instances   Area   Library 
--------------------------------------
AO21X1             1    6.812    slow 
AOI211XL           1    5.298    slow 
AOI21XL            5   22.707    slow 
AOI221XL           2   15.138    slow 
AOI2BB1XL         16   96.883    slow 
AOI31XL            1    6.055    slow 
CLKINVX1           2    4.541    slow 
INVXL             14   31.790    slow 
NAND2BX1           1    4.541    slow 
NAND2XL           18   54.497    slow 
NAND3X1            1    4.541    slow 
NAND3XL            1    4.541    slow 
NAND4BBXL          1    8.326    slow 
NAND4BXL           1    6.812    slow 
NOR2BX1            1    4.541    slow 
NOR2BXL            1    4.541    slow 
NOR2XL            33   99.911    slow 
NOR3BX1            1    6.055    slow 
NOR3X1             1    4.541    slow 
NOR3XL            10   45.414    slow 
NOR4BX1            1    6.812    slow 
NOR4X1             3   18.166    slow 
OA21X1             1    6.812    slow 
OAI211XL           7   37.088    slow 
OAI21XL            1    4.541    slow 
OAI2BB1XL          6   31.790    slow 
OAI31XL            3   18.166    slow 
OAI32XL            1    6.812    slow 
OAI33XL            1    8.326    slow 
OR3XL              1    6.055    slow 
OR4XL              2   13.624    slow 
--------------------------------------
total            139  595.680         


                                        
     Type      Instances   Area  Area % 
----------------------------------------
inverter              16  36.331    6.1 
logic                123 559.349   93.9 
physical_cells         0   0.000    0.0 
----------------------------------------
total                139 595.680  100.0 

