============================================================
  Generated by:           Genus(TM) Synthesis Solution 20.11-s111_1
  Generated on:           Oct 08 2025  02:41:49 pm
  Module:                 pe64_if_else
  Operating conditions:   slow (balanced_tree)
  Wireload mode:          enclosed
  Area mode:              timing library
============================================================


Path 1: MET (280 ps) Path Delay Check
     Startpoint: (F) d[60]
       Endpoint: (F) v

                   Capture    Launch  
      Path Delay:+    1200         -  
      Drv Adjust:+       0         0  
         Arrival:=    1200            
                                      
   Required Time:=    1200            
       Data Path:-     920            
           Slack:=     280            

Exceptions/Constraints:
  max_delay             1200            constraint_input.sdc_line_1 

#---------------------------------------------------------------------------------------
# Timing Point   Flags   Arc   Edge   Cell     Fanout Load Trans Delay Arrival Instance 
#                                                     (fF)  (ps)  (ps)   (ps)  Location 
#---------------------------------------------------------------------------------------
  d[60]          -       -     F     (arrival)      3  5.2     0     0       0    (-,-) 
  g3478__1705/Y  -       AN->Y F     NAND2BX1       3  6.2   107   137     137    (-,-) 
  g3464__6161/Y  -       C->Y  R     NOR3X1         3  5.0   171   149     286    (-,-) 
  g3443__1617/Y  -       B->Y  F     NAND2XL        3  6.1   179   164     450    (-,-) 
  g3438/Y        -       A->Y  R     CLKINVX1       3  4.9    84    90     540    (-,-) 
  g3428__5477/Y  -       A->Y  F     NAND2XL        3  6.1   172   142     682    (-,-) 
  g3424__7482/Y  -       C->Y  R     NOR3BX1        2  3.3   147   142     824    (-,-) 
  g3419__8246/Y  -       D->Y  F     NAND4BXL       1  0.0   101    95     920    (-,-) 
  v              -       -     F     (port)         -    -     -     0     920    (-,-) 
#---------------------------------------------------------------------------------------

