============================================================
  Generated by:           Genus(TM) Synthesis Solution 20.11-s111_1
  Generated on:           Oct 10 2025  03:42:17 pm
  Module:                 pe64_if_else
  Operating conditions:   slow (balanced_tree)
  Wireload mode:          enclosed
  Area mode:              timing library
============================================================

                               
   Gate    Instances    Area    Library  
-----------------------------------------
AND2X2             2    26.611    tsmc18 
AND3X2             1    16.632    tsmc18 
AND4X2             1    19.958    tsmc18 
AOI211X1           1    16.632    tsmc18 
AOI211XL           2    33.264    tsmc18 
AOI21X1           13   172.973    tsmc18 
AOI21XL            3    39.917    tsmc18 
AOI2BB1X1          2    33.264    tsmc18 
AOI2BB1XL          4    66.528    tsmc18 
AOI31X1            2    33.264    tsmc18 
AOI31XL            1    16.632    tsmc18 
INVX1             12    79.834    tsmc18 
INVXL             10    66.528    tsmc18 
NAND2X1           16   159.667    tsmc18 
NAND3BX1           1    16.632    tsmc18 
NAND3X1            3    39.917    tsmc18 
NAND4BXL           1    19.958    tsmc18 
NAND4X1            1    16.632    tsmc18 
NAND4XL            2    33.264    tsmc18 
NOR2BX1            7    93.139    tsmc18 
NOR2BXL            1    13.306    tsmc18 
NOR2X1            40   399.168    tsmc18 
NOR2XL             2    19.958    tsmc18 
NOR3X1             5    66.528    tsmc18 
NOR4BX1            3    59.875    tsmc18 
NOR4X1             3    59.875    tsmc18 
OAI211X1           2    39.917    tsmc18 
OAI21XL           14   186.278    tsmc18 
OAI221XL           1    23.285    tsmc18 
OAI2BB1X1          2    33.264    tsmc18 
OAI2BB1XL          1    16.632    tsmc18 
OAI31X1            2    39.917    tsmc18 
OR2X2              1    13.306    tsmc18 
OR4X2              2    39.917    tsmc18 
-----------------------------------------
total            164  2012.472           


                                         
     Type      Instances   Area   Area % 
-----------------------------------------
inverter              22  146.362    7.3 
logic                142 1866.110   92.7 
physical_cells         0    0.000    0.0 
-----------------------------------------
total                164 2012.472  100.0 

