============================================================
  Generated by:           Genus(TM) Synthesis Solution 20.11-s111_1
  Generated on:           Oct 10 2025  03:42:17 pm
  Module:                 pe64_if_else
  Operating conditions:   slow (balanced_tree)
  Wireload mode:          enclosed
  Area mode:              timing library
============================================================


Path 1: MET (30 ps) Path Delay Check
     Startpoint: (F) d[24]
       Endpoint: (R) q[2]

                   Capture    Launch  
      Path Delay:+    1200         -  
      Drv Adjust:+       0         0  
         Arrival:=    1200            
                                      
   Required Time:=    1200            
       Data Path:-    1170            
           Slack:=      30            

Exceptions/Constraints:
  max_delay             1200            constraint_input.sdc_line_1 

#---------------------------------------------------------------------------------------
# Timing Point   Flags   Arc   Edge   Cell     Fanout Load Trans Delay Arrival Instance 
#                                                     (fF)  (ps)  (ps)   (ps)  Location 
#---------------------------------------------------------------------------------------
  d[24]          -       -     F     (arrival)      3 12.0     0     0       0    (-,-) 
  g3650__7410/Y  -       B->Y  R     NOR2X1         2  7.2   207   146     146    (-,-) 
  g3613__5122/Y  -       A->Y  R     AND2X2         2  8.1   100   178     323    (-,-) 
  g3597/Y        -       A->Y  F     INVX1          2  7.9    78    66     390    (-,-) 
  g3536__9945/Y  -       D->Y  F     OR4X2          1  4.3    99   418     807    (-,-) 
  g3515__1705/Y  -       B0->Y R     OAI211X1       1  4.7   296   110     917    (-,-) 
  g3509__5526/Y  -       A0->Y F     AOI31X1        1  3.4   135   120    1038    (-,-) 
  g3504__5107/Y  -       A0->Y R     OAI21XL        1  0.0   149   133    1170    (-,-) 
  q[2]           <<<     -     R     (port)         -    -     -     0    1170    (-,-) 
#---------------------------------------------------------------------------------------

