============================================================
  Generated by:           Genus(TM) Synthesis Solution 20.11-s111_1
  Generated on:           Oct 06 2025  02:16:48 pm
  Module:                 pe64_lookahead
  Operating conditions:   slow (balanced_tree)
  Wireload mode:          enclosed
  Area mode:              timing library
============================================================

                             
  Gate    Instances   Area   Library 
-------------------------------------
AND2X1            6   27.248    slow 
AO22X1            1    7.569    slow 
AOI211XL          1    5.298    slow 
AOI21XL           2    9.083    slow 
AOI221XL          1    7.569    slow 
AOI22XL          18  108.994    slow 
CLKINVX1          2    4.541    slow 
INVXL             3    6.812    slow 
NAND2BXL          1    4.541    slow 
NAND2XL           6   18.166    slow 
NAND3BXL          1    6.055    slow 
NAND4XL           8   42.386    slow 
NOR2BXL           3   13.624    slow 
NOR2X1            1    3.784    slow 
NOR2XL            6   18.166    slow 
NOR3X1            1    4.541    slow 
NOR4X1           14   84.773    slow 
OAI21XL           3   13.624    slow 
OAI222XL          3   24.978    slow 
OR3XL             1    6.055    slow 
OR4XL             2   13.624    slow 
-------------------------------------
total            84  431.433         


                                        
     Type      Instances   Area  Area % 
----------------------------------------
inverter               5  11.354    2.6 
logic                 79 420.079   97.4 
physical_cells         0   0.000    0.0 
----------------------------------------
total                 84 431.433  100.0 

