============================================================
  Generated by:           Genus(TM) Synthesis Solution 20.11-s111_1
  Generated on:           Oct 06 2025  02:16:48 pm
  Module:                 pe64_lookahead
  Operating conditions:   slow (balanced_tree)
  Wireload mode:          enclosed
  Area mode:              timing library
============================================================


Path 1: MET (61 ps) Path Delay Check
     Startpoint: (F) d[61]
       Endpoint: (F) v

                   Capture    Launch  
      Path Delay:+    1200         -  
      Drv Adjust:+       0         0  
         Arrival:=    1200            
                                      
   Required Time:=    1200            
       Data Path:-    1139            
           Slack:=      61            

Exceptions/Constraints:
  max_delay             1200            constraint_input.sdc_line_1 

#---------------------------------------------------------------------------------------
# Timing Point   Flags   Arc   Edge   Cell     Fanout Load Trans Delay Arrival Instance 
#                                                     (fF)  (ps)  (ps)   (ps)  Location 
#---------------------------------------------------------------------------------------
  d[61]          -       -     F     (arrival)      2  4.3     0     0       0    (-,-) 
  g2818/Y        -       A->Y  R     NOR4X1         4  7.5   319   269     269    (-,-) 
  g2806/Y        -       A->Y  F     CLKINVX1       3  5.8   119    91     360    (-,-) 
  g2793__6260/Y  -       A->Y  R     NOR3X1         4  6.7   210   199     559    (-,-) 
  g2790__2398/Y  -       B->Y  F     NAND2XL        3  6.1   188   173     732    (-,-) 
  g2786__6417/Y  -       B->Y  R     NOR2X1         4  7.5   172   160     892    (-,-) 
  g2785/Y        -       A->Y  F     CLKINVX1       7 10.0   105   104     996    (-,-) 
  g2782__5115/Y  -       C->Y  F     OR3XL          1  0.0    42   143    1139    (-,-) 
  v              -       -     F     (port)         -    -     -     0    1139    (-,-) 
#---------------------------------------------------------------------------------------

