============================================================
  Generated by:           Genus(TM) Synthesis Solution 20.11-s111_1
  Generated on:           Oct 31 2025  02:50:52 pm
  Module:                 pe64_lookahead
  Operating conditions:   slow (balanced_tree)
  Wireload mode:          enclosed
  Area mode:              timing library
============================================================


Path 1: VIOLATED (-537 ps) Path Delay Check
     Startpoint: (F) d[16]
       Endpoint: (F) q[0]

                   Capture    Launch  
      Path Delay:+    1200         -  
      Drv Adjust:+       0         0  
         Arrival:=    1200            
                                      
   Required Time:=    1200            
       Data Path:-    1737            
           Slack:=    -537            

Exceptions/Constraints:
  max_delay             1200            constraint_input.sdc_line_2 

#----------------------------------------------------------------------------------------
# Timing Point   Flags    Arc   Edge   Cell     Fanout Load Trans Delay Arrival Instance 
#                                                      (fF)  (ps)  (ps)   (ps)  Location 
#----------------------------------------------------------------------------------------
  d[16]          -       -      F     (arrival)      1 22.2     0     0       0    (-,-) 
  g4066/Y        -       A->Y   R     CLKINVX8       1 15.1    38    33      33    (-,-) 
  g4044__6260/Y  -       B->Y   F     NAND2X4        1 15.7    60    58      90    (-,-) 
  g4037__5122/Y  -       A->Y   R     NOR3X4         1 15.1   227   135     225    (-,-) 
  g4018__8428/Y  -       B->Y   F     NAND2X4        2 16.5    85    72     298    (-,-) 
  g4005__5477/Y  -       B->Y   R     NOR2X2         1  9.4   155   130     428    (-,-) 
  g3981__2883/Y  -       C->Y   F     NAND3X2        2 14.9   128   118     546    (-,-) 
  g3962__7098/Y  -       A0N->Y F     AOI2BB1X2      2 19.4   123   265     811    (-,-) 
  g3955__2398/Y  -       A1N->Y F     OAI2BB1X4      8 33.4   116   202    1013    (-,-) 
  g3948__2346/Y  -       A->Y   R     NOR2X1         3 11.5   289   196    1209    (-,-) 
  g3918__3680/Y  -       A0->Y  F     AOI22XL        1  3.8   166   108    1317    (-,-) 
  g3901__1617/Y  -       D->Y   F     AND4X2         2  7.6    83   268    1585    (-,-) 
  g3892__6260/Y  -       B->Y   R     NAND3X1        1  3.1   138   101    1686    (-,-) 
  g3890__2398/Y  -       A->Y   F     NAND2XL        1  0.0    54    52    1737    (-,-) 
  q[0]           <<<     -      F     (port)         -    -     -     0    1737    (-,-) 
#----------------------------------------------------------------------------------------

