============================================================
  Generated by:           Genus(TM) Synthesis Solution 20.11-s111_1
  Generated on:           Oct 31 2025  02:50:52 pm
  Module:                 pe64_lookahead
  Operating conditions:   slow (balanced_tree)
  Wireload mode:          enclosed
  Area mode:              timing library
============================================================

                               
   Gate    Instances    Area    Library  
-----------------------------------------
AND2X2             1    13.306    tsmc18 
AND2X4             3    49.896    tsmc18 
AND3X4             1    19.958    tsmc18 
AND4X2             1    19.958    tsmc18 
AOI21X1            9   119.750    tsmc18 
AOI21X2            2    46.570    tsmc18 
AOI21XL            3    39.917    tsmc18 
AOI22X1            2    33.264    tsmc18 
AOI22X2            1    29.938    tsmc18 
AOI22XL            3    49.896    tsmc18 
AOI2BB1X2          2    46.570    tsmc18 
BUFX1              1    13.306    tsmc18 
BUFX3              1    13.306    tsmc18 
CLKINVX1           3    29.938    tsmc18 
CLKINVX3           6    59.875    tsmc18 
CLKINVX4           2    26.611    tsmc18 
CLKINVX8           3    59.875    tsmc18 
INVX1             12    79.834    tsmc18 
INVX2             10    99.792    tsmc18 
INVX3              2    26.611    tsmc18 
INVX4              4    53.222    tsmc18 
INVX8              1    19.958    tsmc18 
INVXL             13    86.486    tsmc18 
NAND2BX2           1    19.958    tsmc18 
NAND2X1            9    89.813    tsmc18 
NAND2X2           12   199.584    tsmc18 
NAND2X4           13   302.702    tsmc18 
NAND2XL            5    49.896    tsmc18 
NAND3BXL           1    16.632    tsmc18 
NAND3X1            7    93.139    tsmc18 
NAND3X2            1    23.285    tsmc18 
NAND4BBX1          1    26.611    tsmc18 
NAND4X1            2    33.264    tsmc18 
NAND4XL            1    16.632    tsmc18 
NOR2BX1            3    39.917    tsmc18 
NOR2BXL            1    13.306    tsmc18 
NOR2X1             6    59.875    tsmc18 
NOR2X2             9   149.688    tsmc18 
NOR2X4            20   465.696    tsmc18 
NOR3X4             1    33.264    tsmc18 
NOR4X1             2    39.917    tsmc18 
OAI211XL           1    19.958    tsmc18 
OAI21XL            2    26.611    tsmc18 
OAI2BB1X1          1    16.632    tsmc18 
OAI2BB1X2          3    69.854    tsmc18 
OAI2BB1X4          1    33.264    tsmc18 
OR4X2              2    39.917    tsmc18 
-----------------------------------------
total            191  2917.253           


                                         
     Type      Instances   Area   Area % 
-----------------------------------------
inverter              56  542.203   18.6 
buffer                 2   26.611    0.9 
logic                133 2348.438   80.5 
physical_cells         0    0.000    0.0 
-----------------------------------------
total                191 2917.253  100.0 

