Cadence Genus(TM) Synthesis Solution.
Copyright 2021 Cadence Design Systems, Inc. All rights reserved worldwide.
Cadence and the Cadence logo are registered trademarks and Genus is a trademark
of Cadence Design Systems, Inc. in the United States and other countries.

Version: 20.11-s111_1, built Mon Apr 26 02:27:38 PDT 2021
Options: 
Date:    Fri Oct 10 15:12:35 2025
Host:    cad28 (x86_64 w/Linux 3.10.0-1160.el7.x86_64) (6cores*12cpus*1physical cpu*Intel(R) Core(TM) i7-8700 CPU @ 3.20GHz 12288KB) (16201460KB)
PID:     21716
OS:      Red Hat Enterprise Linux Server release 7.9 (Maipo)

Checking out license: Genus_Synthesis


***********************************************************************************************************
***********************************************************************************************************



Loading tool scripts...
Finished loading tool scripts (5 seconds elapsed).

WARNING: This version of the tool is 1628 days old.
@genus:root: 1> source run.tcl
Sourcing './run.tcl' (Fri Oct 10 15:12:48 IST 2025)...
#@ Begin verbose source ./run.tcl
@file(run.tcl) 1: set_db init_lib_search_path /home/install/FOUNDRY/digital/45nm/dig/lib/
  Setting attribute of root '/': 'init_lib_search_path' = /home/install/FOUNDRY/digital/45nm/dig/lib/
@file(run.tcl) 3: set_db library slow.lib

Threads Configured:3

  Message Summary for Library slow.lib:
  *************************************
  Missing a function attribute in the output pin definition. [LBR-518]: 1
  Missing library level attribute. [LBR-516]: 1
  *************************************
 
Info    : Created nominal operating condition. [LBR-412]
        : Operating condition '_nominal_' was created for the PVT values (1.000000, 1.080000, 125.000000) in library 'slow.lib'.
        : The nominal operating condition is represented, either by the nominal PVT values specified in the library source (via nom_process,nom_voltage and nom_temperature respectively), or by the default PVT values (1.0,1.0,1.0).
Warning : Libcell has no area attribute.  Defaulting to 0 area. [LBR-43]
        : Assigning 0 area to library cell 'slow/ADDFHX2'.
        : Specify a valid area value for the libcell.
Warning : Libcell has no area attribute.  Defaulting to 0 area. [LBR-43]
        : Assigning 0 area to library cell 'slow/ADDFHX4'.
Warning : Libcell has no area attribute.  Defaulting to 0 area. [LBR-43]
        : Assigning 0 area to library cell 'slow/ADDFHXL'.
Warning : Libcell has no area attribute.  Defaulting to 0 area. [LBR-43]
        : Assigning 0 area to library cell 'slow/ADDFXL'.
Warning : Libcell has no area attribute.  Defaulting to 0 area. [LBR-43]
        : Assigning 0 area to library cell 'slow/ADDHX2'.
Warning : Libcell has no area attribute.  Defaulting to 0 area. [LBR-43]
        : Assigning 0 area to library cell 'slow/ADDHXL'.
Warning : Libcell has no area attribute.  Defaulting to 0 area. [LBR-43]
        : Assigning 0 area to library cell 'slow/AND2X4'.
Warning : Libcell has no area attribute.  Defaulting to 0 area. [LBR-43]
        : Assigning 0 area to library cell 'slow/AND2X6'.
Warning : Libcell has no area attribute.  Defaulting to 0 area. [LBR-43]
        : Assigning 0 area to library cell 'slow/AND2XL'.
Warning : Libcell has no area attribute.  Defaulting to 0 area. [LBR-43]
        : Assigning 0 area to library cell 'slow/AND3X1'.
Warning : Libcell has no area attribute.  Defaulting to 0 area. [LBR-43]
        : Assigning 0 area to library cell 'slow/AND3X8'.
Warning : Libcell has no area attribute.  Defaulting to 0 area. [LBR-43]
        : Assigning 0 area to library cell 'slow/AND3XL'.
Warning : Libcell has no area attribute.  Defaulting to 0 area. [LBR-43]
        : Assigning 0 area to library cell 'slow/AND4X1'.
Warning : Libcell has no area attribute.  Defaulting to 0 area. [LBR-43]
        : Assigning 0 area to library cell 'slow/AND4X4'.
Warning : Libcell has no area attribute.  Defaulting to 0 area. [LBR-43]
        : Assigning 0 area to library cell 'slow/AND4X8'.
Warning : Libcell has no area attribute.  Defaulting to 0 area. [LBR-43]
        : Assigning 0 area to library cell 'slow/AND4XL'.
Warning : Libcell has no area attribute.  Defaulting to 0 area. [LBR-43]
        : Assigning 0 area to library cell 'slow/AO21X1'.
Warning : Libcell has no area attribute.  Defaulting to 0 area. [LBR-43]
        : Assigning 0 area to library cell 'slow/AO21X2'.
Warning : Libcell has no area attribute.  Defaulting to 0 area. [LBR-43]
        : Assigning 0 area to library cell 'slow/AO21XL'.
Warning : Libcell has no area attribute.  Defaulting to 0 area. [LBR-43]
        : Assigning 0 area to library cell 'slow/AO22X1'.
  Setting attribute of root '/': 'library' = slow.lib
@file(run.tcl) 5: read_hdl {./priority_encoder.v}
@file(run.tcl) 7: elaborate pe64_lookahead
  Library has 324 usable logic and 126 usable sequential lib-cells.
Info    : Elaborating Design. [ELAB-1]
        : Elaborating top-level block 'pe64_lookahead' from file './priority_encoder.v'.
Warning : Unreachable statements for case item. [CDFG-472]
        : Case item 'default' in module 'pe16' in file './priority_encoder.v' on line 35.
Info    : Done Elaborating Design. [ELAB-3]
        : Done elaborating 'pe64_lookahead'.
Checking for analog nets...
Check completed for analog nets.
Checking for source RTL...
Check completed for source RTL.
Running Unified Mux Engine Tricks...
Completed Unified Mux Engine Tricks
--------------------------------------------------------
| Trick             | Accepts | Rejects | Runtime (ms) | 
--------------------------------------------------------
| ume_constant_bmux |       0 |       0 |         0.00 | 
--------------------------------------------------------
Starting clip mux common data inputs [v1.0] (stage: post_elab, startdef: pe64_lookahead, recur: true)
Completed clip mux common data inputs (accepts: 0, rejects: 0, runtime: 0.000s)
Starting clip the non-user hierarchies [v2.0] (stage: post_elab, startdef: pe64_lookahead, recur: true)
Completed clip the non-user hierarchies (accepts: 0, rejects: 0, runtime: 0.000s)
UM:   flow.cputime  flow.realtime  timing.setup.tns  timing.setup.wns  snapshot
UM:*                                                                   elaborate
@file(run.tcl) 8: read_sdc ./constraints_input.sdc
Statistics for commands executed by read_sdc:
 "get_ports"                - successful      2 , failed      0 (runtime  0.00)
 "set_max_delay"            - successful      1 , failed      0 (runtime  0.00)
read_sdc completed in 00:00:00 (hh:mm:ss)
@file(run.tcl) 10: set_db syn_generic_effort medium
  Setting attribute of root '/': 'syn_generic_effort' = medium
@file(run.tcl) 11: set_db syn_map_effort medium
  Setting attribute of root '/': 'syn_map_effort' = medium
@file(run.tcl) 12: set_db syn_opt_effort medium
  Setting attribute of root '/': 'syn_opt_effort' = medium
@file(run.tcl) 14: syn_generic
##Generic Timing Info for library domain: _default_ typical gate delay: 108.0 ps std_slew: 19.0 ps std_load: 2.2 fF
Starting mux data reorder optimization [v1.0] (stage: pre_to_gen_setup, startdef: pe64_lookahead, recur: true)
Completed mux data reorder optimization (accepts: 0, rejects: 0, runtime: 0.000s)
Info    : Synthesizing. [SYNTH-1]
        : Synthesizing 'pe64_lookahead' to generic gates using 'medium' effort.
PBS_Generic-Start - Elapsed_Time 0, CPU_Time 0.0
stamp 'PBS_Generic-Start' being created for table 'pbs_debug'

  Total Time (Wall) |  Stage Time (Wall)  |   % (Wall)   |    Date - Time     |  Memory   | Stage
--------------------+---------------------+--------------+--------------------+-----------+----------------------
 00:00:07(00:00:10) |  00:00:00(00:00:00) |   0.0(  0.0) |   15:12:49 (Oct10) |  241.6 MB | PBS_Generic-Start
--------------------+---------------------+--------------+--------------------+-----------+----------------------
Number of threads: 8 * 1   (id: pbs_debug, time_info v1.57)
Info: (*N*) indicates data that was populated from previously saved time_info database
Info: CPU time includes time of parent + longest thread
TNS Restructuring config: no_value at stage: generic applied.
Info    : Partition Based Synthesis execution skipped. [PHYS-752]
        : Design size is less than the partition size '100000' for distributed generic optimization to kick in.
Starting mux data reorder optimization [v1.0] (stage: pre_to_gen_setup, startdef: pe64_lookahead, recur: true)
Completed mux data reorder optimization (accepts: 0, rejects: 0, runtime: 0.000s)
Starting mux data reorder optimization [v1.0] (stage: post_to_gen_setup, startdef: pe64_lookahead, recur: true)
Completed mux data reorder optimization (accepts: 0, rejects: 0, runtime: 0.000s)
Running Unified Mux Engine Tricks...
Completed Unified Mux Engine Tricks
--------------------------------------------
| Trick | Accepts | Rejects | Runtime (ms) | 
--------------------------------------------
--------------------------------------------
Starting infer macro optimization [v1.0] (stage: pre_rtlopt, startdef: pe64_lookahead, recur: true)
Completed infer macro optimization (accepts: 0, rejects: 0, runtime: 0.000s)
Starting decode mux sandwich optimization [v2.0] (stage: pre_rtlopt, startdef: pe64_lookahead, recur: true)
Completed decode mux sandwich optimization (accepts: 0, rejects: 0, runtime: 0.000s)
Starting decode mux optimization [v1.0] (stage: pre_rtlopt, startdef: pe64_lookahead, recur: true)
Completed decode mux optimization (accepts: 0, rejects: 0, runtime: 0.000s)
Starting chop wide muxes [v1.0] (stage: pre_rtlopt, startdef: pe64_lookahead, recur: true)
Completed chop wide muxes (accepts: 0, rejects: 0, runtime: 0.000s)
Starting common data mux cascade opt [v1.0] (stage: pre_rtlopt, startdef: pe64_lookahead, recur: true)
Completed common data mux cascade opt (accepts: 0, rejects: 0, runtime: 0.000s)
Starting mux input consolidation [v1.0] (stage: pre_rtlopt, startdef: pe64_lookahead, recur: true)
Completed mux input consolidation (accepts: 0, rejects: 0, runtime: 0.000s)
Starting priority mux optimization [v1.0] (stage: pre_rtlopt, startdef: pe64_lookahead, recur: true)
Completed priority mux optimization (accepts: 0, rejects: 0, runtime: 0.007s)
Starting constant-data mux optimization [v1.0] (stage: pre_rtlopt, startdef: pe64_lookahead, recur: true)
Completed constant-data mux optimization (accepts: 0, rejects: 0, runtime: 0.000s)
Starting chain-to-tree inequality transform [v2.0] (stage: pre_rtlopt, startdef: pe64_lookahead, recur: true)
Completed chain-to-tree inequality transform (accepts: 0, rejects: 0, runtime: 0.001s)
Starting reconvergence optimization [v1.0] (stage: pre_rtlopt, startdef: pe64_lookahead, recur: true)
Completed reconvergence optimization (accepts: 0, rejects: 0, runtime: 0.000s)
Starting logic restructure optimization [v1.0] (stage: pre_rtlopt, startdef: pe64_lookahead, recur: true)
Completed logic restructure optimization (accepts: 0, rejects: 0, runtime: 0.000s)
Starting common select mux optimization [v1.0] (stage: pre_rtlopt, startdef: pe64_lookahead, recur: true)
Completed common select mux optimization (accepts: 0, rejects: 0, runtime: 0.000s)
Starting identity transform [v3.0] (stage: pre_rtlopt, startdef: pe64_lookahead, recur: true)
Completed identity transform (accepts: 0, rejects: 0, runtime: 0.000s)
Starting reduce operator chain [v1.0] (stage: pre_rtlopt, startdef: pe64_lookahead, recur: true)
Completed reduce operator chain (accepts: 0, rejects: 0, runtime: 0.000s)
Starting common data mux cascade opt [v1.0] (stage: pre_rtlopt, startdef: pe64_lookahead, recur: true)
Completed common data mux cascade opt (accepts: 0, rejects: 0, runtime: 0.000s)
Starting mux input consolidation [v1.0] (stage: pre_rtlopt, startdef: pe64_lookahead, recur: true)
Completed mux input consolidation (accepts: 0, rejects: 0, runtime: 0.001s)
Starting optimize datapath elements [v1.0] (stage: pre_rtlopt, startdef: pe64_lookahead, recur: true)
Completed optimize datapath elements (accepts: 0, rejects: 0, runtime: 0.000s)
Starting clip mux common data inputs [v1.0] (stage: pre_rtlopt, startdef: pe64_lookahead, recur: true)
Completed clip mux common data inputs (accepts: 0, rejects: 0, runtime: 0.000s)
Starting clip the non-user hierarchies [v2.0] (stage: pre_rtlopt, startdef: pe64_lookahead, recur: true)
Completed clip the non-user hierarchies (accepts: 0, rejects: 0, runtime: 0.000s)
Running Unified Mux Engine Tricks...
Completed Unified Mux Engine Tricks
--------------------------------------------
| Trick | Accepts | Rejects | Runtime (ms) | 
--------------------------------------------
--------------------------------------------
Number of big hc bmuxes before = 0
Info    : Pre-processed datapath logic. [DPOPT-6]
        : No pre-processing optimizations applied to datapath logic in 'pe64_lookahead'.
Info    : Skipping datapath optimization. [DPOPT-5]
        : There is no datapath logic in 'pe64_lookahead'.
Number of big hc bmuxes after = 0
Starting logic reduction [v1.0] (stage: post_rtlopt, startdef: pe64_lookahead, recur: true)
Completed logic reduction (accepts: 0, rejects: 0, runtime: 0.000s)
Starting mux data reorder optimization [v1.0] (stage: post_rtlopt, startdef: pe64_lookahead, recur: true)
Completed mux data reorder optimization (accepts: 0, rejects: 0, runtime: 0.001s)
Starting mux speculation [v1.0] (stage: post_muxopt, startdef: pe64_lookahead, recur: true)
Starting speculation optimization
Completed speculation optimization (accepts:0)
Completed mux speculation (accepts: 0, rejects: 0, runtime: 0.002s)
==================================
Stage : to_generic 
==================================
  =================
   Message Summary
  =================
--------------------------------------------------------------------------------
|     Id      |  Sev   |Count |                 Message Text                   |
--------------------------------------------------------------------------------
| CDFG-472    |Warning |    1 |Unreachable statements for case item.           |
| DPOPT-5     |Info    |    1 |Skipping datapath optimization.                 |
| DPOPT-6     |Info    |    1 |Pre-processed datapath logic.                   |
| ELAB-1      |Info    |    1 |Elaborating Design.                             |
| ELAB-2      |Info    |    2 |Elaborating Subdesign.                          |
| ELAB-3      |Info    |    1 |Done Elaborating Design.                        |
| ELABUTL-132 |Info    |    2 |Unused instance port.                           |
|             |        |      |Please check the reported scenario of           |
|             |        |      | unconnected instance port to ensure that it    |
|             |        |      | matches the design intent.                     |
| GLO-51      |Info    |    6 |Hierarchical instance automatically ungrouped.  |
|             |        |      |Hierarchical instances can be automatically     |
|             |        |      | ungrouped to allow for better area or timing   |
|             |        |      | optimization. To prevent this ungroup, set the |
|             |        |      | root-level attribute 'auto_ungroup' to 'none'. |
|             |        |      | You can also prevent individual ungroup with   |
|             |        |      | setting the attribute 'ungroup_ok' of          |
|             |        |      | instances or modules to 'false'.               |
| LBR-41      |Info    |    1 |An output library pin lacks a function          |
|             |        |      | attribute.                                     |
|             |        |      |If the remainder of this library cell's         |
|             |        |      | semantic checks are successful, it will be     |
|             |        |      | considered as a timing-model                   |
|             |        |      | (because one of its outputs does not have a va |
|             |        |      | lid function.                                  |
| LBR-43      |Warning |  485 |Libcell has no area attribute.  Defaulting to 0 |
|             |        |      | area.                                          |
|             |        |      |Specify a valid area value for the libcell.     |
| LBR-155     |Info    |  248 |Mismatch in unateness between 'timing_sense'    |
|             |        |      | attribute and the function.                    |
|             |        |      |The 'timing_sense' attribute will be respected. |
| LBR-161     |Info    |    1 |Setting the maximum print count of this message |
|             |        |      | to 10 if information_level is less than 9.     |
| LBR-162     |Info    |  124 |Both 'pos_unate' and 'neg_unate' timing_sense   |
|             |        |      | arcs have been processed.                      |
|             |        |      |Setting the 'timing_sense' to non_unate.        |
| LBR-170     |Info    |   64 |Ignoring specified timing sense.                |
|             |        |      |Timing sense should never be set with           |
|             |        |      | 'rising_edge' or 'falling_edge' timing type.   |
| LBR-412     |Info    |    1 |Created nominal operating condition.            |
|             |        |      |The nominal operating condition is represented, |
|             |        |      | either by the nominal PVT values specified in  |
|             |        |      | the library source                             |
|             |        |      | (via nom_process,nom_voltage and nom_temperatu |
|             |        |      | re respectively)                               |
|             |        |      | , or by the default PVT values (1.0,1.0,1.0).  |
| LBR-516     |Info    |    1 |Missing library level attribute.                |
| LBR-518     |Info    |    1 |Missing a function attribute in the output pin  |
|             |        |      | definition.                                    |
| PHYS-752    |Info    |    1 |Partition Based Synthesis execution skipped.    |
| SYNTH-1     |Info    |    1 |Synthesizing.                                   |
--------------------------------------------------------------------------------
Mapper: Libraries have:
	domain _default_: 324 combo usable cells and 126 sequential usable cells
Multi-threaded constant propagation [1|0] ...
new_area=0  new_slack=-415.30  new_is_better=0
Multi-threaded Virtual Mapping    (8 threads, 8 of 12 CPUs usable)
 
Global mapping target info
==========================
Cost Group 'default' target slack:    36 ps
Target path end-point (Port: pe64_lookahead/q[0])

PBS_Generic_Opt-Post - Elapsed_Time 1, CPU_Time 0.8658109999999999
stamp 'PBS_Generic_Opt-Post' being created for table 'pbs_debug'

  Total Time (Wall) |  Stage Time (Wall)  |   % (Wall)   |    Date - Time     |  Memory   | Stage
--------------------+---------------------+--------------+--------------------+-----------+----------------------
 00:00:07(00:00:10) |  00:00:00(00:00:00) |   0.0(  0.0) |   15:12:49 (Oct10) |  241.6 MB | PBS_Generic-Start
--------------------+---------------------+--------------+--------------------+-----------+----------------------
 00:00:07(00:00:11) |  00:00:00(00:00:01) | 100.0(100.0) |   15:12:50 (Oct10) |  241.6 MB | PBS_Generic_Opt-Post
--------------------+---------------------+--------------+--------------------+-----------+----------------------
Number of threads: 8 * 1   (id: pbs_debug, time_info v1.57)
Info: (*N*) indicates data that was populated from previously saved time_info database
Info: CPU time includes time of parent + longest thread
PBS_Generic-Postgen HBO Optimizations - Elapsed_Time 0, CPU_Time 0.0
stamp 'PBS_Generic-Postgen HBO Optimizations' being created for table 'pbs_debug'

  Total Time (Wall) |  Stage Time (Wall)  |   % (Wall)   |    Date - Time     |  Memory   | Stage
--------------------+---------------------+--------------+--------------------+-----------+----------------------
 00:00:07(00:00:10) |  00:00:00(00:00:00) |   0.0(  0.0) |   15:12:49 (Oct10) |  241.6 MB | PBS_Generic-Start
--------------------+---------------------+--------------+--------------------+-----------+----------------------
 00:00:07(00:00:11) |  00:00:00(00:00:01) | 100.0(100.0) |   15:12:50 (Oct10) |  241.6 MB | PBS_Generic_Opt-Post
--------------------+---------------------+--------------+--------------------+-----------+----------------------
 00:00:07(00:00:11) |  00:00:00(00:00:00) |   0.0(  0.0) |   15:12:50 (Oct10) |  241.6 MB | PBS_Generic-Postgen HBO Optimizations
--------------------+---------------------+--------------+--------------------+-----------+----------------------
Number of threads: 8 * 1   (id: pbs_debug, time_info v1.57)
Info: (*N*) indicates data that was populated from previously saved time_info database
Info: CPU time includes time of parent + longest thread
##>=================== Cadence Confidential (Generic-Logical) ===================
##>=================== Cadence Confidential (Generic-Logical) ===================
##>Main Thread Summary:
##>----------------------------------------------------------------------------------------
##>STEP                           Elapsed       WNS       TNS     Insts      Area    Memory
##>----------------------------------------------------------------------------------------
##>G:Initial                            0         -         -       174         0       241
##>G:Setup                              0         -         -         -         -         -
##>G:Launch ST                          0         -         -         -         -         -
##>G:Design Partition                   0         -         -         -         -         -
##>G:Create Partition Netlists          0         -         -         -         -         -
##>G:Init Power                         0         -         -         -         -         -
##>G:Budgeting                          0         -         -         -         -         -
##>G:Derenv-DB                          0         -         -         -         -         -
##>G:Debug Outputs                      0         -         -         -         -         -
##>G:ST loading                         0         -         -         -         -         -
##>G:Distributed                        0         -         -         -         -         -
##>G:Timer                              0         -         -         -         -         -
##>G:Assembly                           0         -         -         -         -         -
##>G:DFT                                0         -         -         -         -         -
##>G:Const Prop                         0         -         -       195         0       241
##>G:Misc                               1
##>----------------------------------------------------------------------------------------
##>Total Elapsed                        1
##>========================================================================================
Info    : Done synthesizing. [SYNTH-2]
        : Done synthesizing 'pe64_lookahead' to generic gates.
      flow.cputime  flow.realtime  timing.setup.tns  timing.setup.wns  snapshot
UM:*                                                                   syn_gen
@file(run.tcl) 15: syn_map
##Generic Timing Info for library domain: _default_ typical gate delay: 108.0 ps std_slew: 19.0 ps std_load: 2.2 fF
Info    : Mapping. [SYNTH-4]
        : Mapping 'pe64_lookahead' using 'medium' effort.
Mapper: Libraries have:
	domain _default_: 324 combo usable cells and 126 sequential usable cells
Configuring mapper costing (none)
TNS Restructuring config: no_value at stage: map applied.
PBS_TechMap-Start - Elapsed_Time 0, CPU_Time 0.0
stamp 'PBS_TechMap-Start' being created for table 'pbs_debug'

  Total Time (Wall) |  Stage Time (Wall)  |   % (Wall)   |    Date - Time     |  Memory   | Stage
--------------------+---------------------+--------------+--------------------+-----------+----------------------
 00:00:07(00:00:10) |  00:00:00(00:00:00) |   0.0(  0.0) |   15:12:49 (Oct10) |  241.6 MB | PBS_Generic-Start
--------------------+---------------------+--------------+--------------------+-----------+----------------------
 00:00:07(00:00:11) |  00:00:00(00:00:01) | 100.0(100.0) |   15:12:50 (Oct10) |  241.6 MB | PBS_Generic_Opt-Post
--------------------+---------------------+--------------+--------------------+-----------+----------------------
 00:00:07(00:00:11) |  00:00:00(00:00:00) |   0.0(  0.0) |   15:12:50 (Oct10) |  241.6 MB | PBS_Generic-Postgen HBO Optimizations
--------------------+---------------------+--------------+--------------------+-----------+----------------------
 00:00:07(00:00:11) |  00:00:00(00:00:00) |   0.0(  0.0) |   15:12:50 (Oct10) |  241.6 MB | PBS_TechMap-Start
--------------------+---------------------+--------------+--------------------+-----------+----------------------
Number of threads: 8 * 1   (id: pbs_debug, time_info v1.57)
Info: (*N*) indicates data that was populated from previously saved time_info database
Info: CPU time includes time of parent + longest thread
PBS_TechMap-Premap HBO Optimizations - Elapsed_Time 0, CPU_Time 0.0
stamp 'PBS_TechMap-Premap HBO Optimizations' being created for table 'pbs_debug'

  Total Time (Wall) |  Stage Time (Wall)  |   % (Wall)   |    Date - Time     |  Memory   | Stage
--------------------+---------------------+--------------+--------------------+-----------+----------------------
 00:00:07(00:00:10) |  00:00:00(00:00:00) |   0.0(  0.0) |   15:12:49 (Oct10) |  241.6 MB | PBS_Generic-Start
--------------------+---------------------+--------------+--------------------+-----------+----------------------
 00:00:07(00:00:11) |  00:00:00(00:00:01) | 100.0(100.0) |   15:12:50 (Oct10) |  241.6 MB | PBS_Generic_Opt-Post
--------------------+---------------------+--------------+--------------------+-----------+----------------------
 00:00:07(00:00:11) |  00:00:00(00:00:00) |   0.0(  0.0) |   15:12:50 (Oct10) |  241.6 MB | PBS_Generic-Postgen HBO Optimizations
--------------------+---------------------+--------------+--------------------+-----------+----------------------
 00:00:07(00:00:11) |  00:00:00(00:00:00) |   0.0(  0.0) |   15:12:50 (Oct10) |  241.6 MB | PBS_TechMap-Start
--------------------+---------------------+--------------+--------------------+-----------+----------------------
 00:00:07(00:00:11) |  00:00:00(00:00:00) |   0.0(  0.0) |   15:12:50 (Oct10) |  241.6 MB | PBS_TechMap-Premap HBO Optimizations
--------------------+---------------------+--------------+--------------------+-----------+----------------------
Number of threads: 8 * 1   (id: pbs_debug, time_info v1.57)
Info: (*N*) indicates data that was populated from previously saved time_info database
Info: CPU time includes time of parent + longest thread
Info    : Partition Based Synthesis execution skipped. [PHYS-752]
        : Design size is less than the partition size '100000' for distributed mapping optimization to kick in.
Mapper: Libraries have:
	domain _default_: 324 combo usable cells and 126 sequential usable cells
new_area=0  new_slack=-406.30  new_is_better=0
Multi-threaded Virtual Mapping    (8 threads, 8 of 12 CPUs usable)
==================================
Stage : first_condense 
==================================
  =================
   Message Summary
  =================
-----------------------------------------------------------------------
|    Id    |Sev  |Count |                Message Text                 |
-----------------------------------------------------------------------
| PHYS-752 |Info |    1 |Partition Based Synthesis execution skipped. |
| SYNTH-2  |Info |    1 |Done synthesizing.                           |
| SYNTH-4  |Info |    1 |Mapping.                                     |
-----------------------------------------------------------------------
 
Global mapping target info
==========================
Cost Group 'default' target slack:    36 ps
Target path end-point (Port: pe64_lookahead/q[0])

Multi-threaded Virtual Mapping    (8 threads, 8 of 12 CPUs usable)
Multi-threaded Technology Mapping (8 threads, 8 of 12 CPUs usable)
 
Global mapping status
=====================
                                    Worst 
                           Total  Weighted
Operation                   Area  Neg Slk Worst Path
 global_map                    0        0  N/A

    Cost Group            Target    Slack    Diff.  Constr.
-----------------------------------------------------------
       default                36      458              1200 

 
Global incremental target info
==============================
Cost Group 'default' target slack:    24 ps
Target path end-point (Port: pe64_lookahead/q[1])

 
Global incremental optimization status
======================================
                                    Worst 
                           Total  Weighted
Operation                   Area  Neg Slk Worst Path
 global_incr                   0        0  N/A

    Cost Group            Target    Slack    Diff.  Constr.
-----------------------------------------------------------
       default                24      464              1200 

INFO: skipping constant propagation
PBS_Techmap-Global Mapping - Elapsed_Time 0, CPU_Time 0.6173189999999993
stamp 'PBS_Techmap-Global Mapping' being created for table 'pbs_debug'

  Total Time (Wall) |  Stage Time (Wall)  |   % (Wall)   |    Date - Time     |  Memory   | Stage
--------------------+---------------------+--------------+--------------------+-----------+----------------------
 00:00:07(00:00:10) |  00:00:00(00:00:00) |   0.0(  0.0) |   15:12:49 (Oct10) |  241.6 MB | PBS_Generic-Start
--------------------+---------------------+--------------+--------------------+-----------+----------------------
 00:00:07(00:00:11) |  00:00:00(00:00:01) |  58.4(100.0) |   15:12:50 (Oct10) |  241.6 MB | PBS_Generic_Opt-Post
--------------------+---------------------+--------------+--------------------+-----------+----------------------
 00:00:07(00:00:11) |  00:00:00(00:00:00) |   0.0(  0.0) |   15:12:50 (Oct10) |  241.6 MB | PBS_Generic-Postgen HBO Optimizations
--------------------+---------------------+--------------+--------------------+-----------+----------------------
 00:00:07(00:00:11) |  00:00:00(00:00:00) |   0.0(  0.0) |   15:12:50 (Oct10) |  241.6 MB | PBS_TechMap-Start
--------------------+---------------------+--------------+--------------------+-----------+----------------------
 00:00:07(00:00:11) |  00:00:00(00:00:00) |   0.0(  0.0) |   15:12:50 (Oct10) |  241.6 MB | PBS_TechMap-Premap HBO Optimizations
--------------------+---------------------+--------------+--------------------+-----------+----------------------
 00:00:08(00:00:11) |  00:00:00(00:00:00) |  41.6(  0.0) |   15:12:50 (Oct10) |  241.6 MB | PBS_Techmap-Global Mapping
--------------------+---------------------+--------------+--------------------+-----------+----------------------
Number of threads: 8 * 1   (id: pbs_debug, time_info v1.57)
Info: (*N*) indicates data that was populated from previously saved time_info database
Info: CPU time includes time of parent + longest thread
Info    : Command 'commit_power_intent' cannot proceed as there is no power intent loaded. [CPI-506]
        : Command 'commit_power_intent' requires a valid power_intent to be loaded.
Info    : Forcing flat compare. [CFM-212]
        : No hierarchies found in design.
Info    : Wrote formal verification information. [CFM-5]
        : Wrote 'fv/pe64_lookahead/fv_map.fv.json' for netlist 'fv/pe64_lookahead/fv_map.v.gz'.
Info    : Wrote dofile. [CFM-1]
        : Dofile is 'fv/pe64_lookahead/rtl_to_fv_map.do'.
        : Alias mapping flow is enabled.
PBS_TechMap-Datapath Postmap Operations - Elapsed_Time 1, CPU_Time 1.0
stamp 'PBS_TechMap-Datapath Postmap Operations' being created for table 'pbs_debug'

  Total Time (Wall) |  Stage Time (Wall)  |   % (Wall)   |    Date - Time     |  Memory   | Stage
--------------------+---------------------+--------------+--------------------+-----------+----------------------
 00:00:07(00:00:10) |  00:00:00(00:00:00) |   0.0(  0.0) |   15:12:49 (Oct10) |  241.6 MB | PBS_Generic-Start
--------------------+---------------------+--------------+--------------------+-----------+----------------------
 00:00:07(00:00:11) |  00:00:00(00:00:01) |  34.9( 50.0) |   15:12:50 (Oct10) |  241.6 MB | PBS_Generic_Opt-Post
--------------------+---------------------+--------------+--------------------+-----------+----------------------
 00:00:07(00:00:11) |  00:00:00(00:00:00) |   0.0(  0.0) |   15:12:50 (Oct10) |  241.6 MB | PBS_Generic-Postgen HBO Optimizations
--------------------+---------------------+--------------+--------------------+-----------+----------------------
 00:00:07(00:00:11) |  00:00:00(00:00:00) |   0.0(  0.0) |   15:12:50 (Oct10) |  241.6 MB | PBS_TechMap-Start
--------------------+---------------------+--------------+--------------------+-----------+----------------------
 00:00:07(00:00:11) |  00:00:00(00:00:00) |   0.0(  0.0) |   15:12:50 (Oct10) |  241.6 MB | PBS_TechMap-Premap HBO Optimizations
--------------------+---------------------+--------------+--------------------+-----------+----------------------
 00:00:08(00:00:11) |  00:00:00(00:00:00) |  24.9(  0.0) |   15:12:50 (Oct10) |  241.6 MB | PBS_Techmap-Global Mapping
--------------------+---------------------+--------------+--------------------+-----------+----------------------
 00:00:09(00:00:12) |  00:00:01(00:00:01) |  40.3( 50.0) |   15:12:51 (Oct10) |  531.2 MB | PBS_TechMap-Datapath Postmap Operations
--------------------+---------------------+--------------+--------------------+-----------+----------------------
Number of threads: 8 * 1   (id: pbs_debug, time_info v1.57)
Info: (*N*) indicates data that was populated from previously saved time_info database
Info: CPU time includes time of parent + longest thread
PBS_TechMap-Postmap HBO Optimizations - Elapsed_Time 0, CPU_Time -0.0005029999999983659
stamp 'PBS_TechMap-Postmap HBO Optimizations' being created for table 'pbs_debug'

  Total Time (Wall) |  Stage Time (Wall)  |   % (Wall)   |    Date - Time     |  Memory   | Stage
--------------------+---------------------+--------------+--------------------+-----------+----------------------
 00:00:07(00:00:10) |  00:00:00(00:00:00) |   0.0(  0.0) |   15:12:49 (Oct10) |  241.6 MB | PBS_Generic-Start
--------------------+---------------------+--------------+--------------------+-----------+----------------------
 00:00:07(00:00:11) |  00:00:00(00:00:01) |  34.9( 50.0) |   15:12:50 (Oct10) |  241.6 MB | PBS_Generic_Opt-Post
--------------------+---------------------+--------------+--------------------+-----------+----------------------
 00:00:07(00:00:11) |  00:00:00(00:00:00) |   0.0(  0.0) |   15:12:50 (Oct10) |  241.6 MB | PBS_Generic-Postgen HBO Optimizations
--------------------+---------------------+--------------+--------------------+-----------+----------------------
 00:00:07(00:00:11) |  00:00:00(00:00:00) |   0.0(  0.0) |   15:12:50 (Oct10) |  241.6 MB | PBS_TechMap-Start
--------------------+---------------------+--------------+--------------------+-----------+----------------------
 00:00:07(00:00:11) |  00:00:00(00:00:00) |   0.0(  0.0) |   15:12:50 (Oct10) |  241.6 MB | PBS_TechMap-Premap HBO Optimizations
--------------------+---------------------+--------------+--------------------+-----------+----------------------
 00:00:08(00:00:11) |  00:00:00(00:00:00) |  24.9(  0.0) |   15:12:50 (Oct10) |  241.6 MB | PBS_Techmap-Global Mapping
--------------------+---------------------+--------------+--------------------+-----------+----------------------
 00:00:09(00:00:12) |  00:00:01(00:00:01) |  40.3( 50.0) |   15:12:51 (Oct10) |  531.2 MB | PBS_TechMap-Datapath Postmap Operations
--------------------+---------------------+--------------+--------------------+-----------+----------------------
 00:00:09(00:00:12) |  00:00:00(00:00:00) |  -0.0(  0.0) |   15:12:51 (Oct10) |  531.2 MB | PBS_TechMap-Postmap HBO Optimizations
--------------------+---------------------+--------------+--------------------+-----------+----------------------
Number of threads: 8 * 1   (id: pbs_debug, time_info v1.57)
Info: (*N*) indicates data that was populated from previously saved time_info database
Info: CPU time includes time of parent + longest thread
 Doing ConstProp on design:pe64_lookahead ... 

IOPT-REDREM: Performing redundancy removal: Detected 0 redundant wires. CPU time 0.013 seconds.

PBS_TechMap-Postmap Clock Gating - Elapsed_Time 0, CPU_Time 0.0
stamp 'PBS_TechMap-Postmap Clock Gating' being created for table 'pbs_debug'

  Total Time (Wall) |  Stage Time (Wall)  |   % (Wall)   |    Date - Time     |  Memory   | Stage
--------------------+---------------------+--------------+--------------------+-----------+----------------------
 00:00:07(00:00:10) |  00:00:00(00:00:00) |   0.0(  0.0) |   15:12:49 (Oct10) |  241.6 MB | PBS_Generic-Start
--------------------+---------------------+--------------+--------------------+-----------+----------------------
 00:00:07(00:00:11) |  00:00:00(00:00:01) |  34.9( 50.0) |   15:12:50 (Oct10) |  241.6 MB | PBS_Generic_Opt-Post
--------------------+---------------------+--------------+--------------------+-----------+----------------------
 00:00:07(00:00:11) |  00:00:00(00:00:00) |   0.0(  0.0) |   15:12:50 (Oct10) |  241.6 MB | PBS_Generic-Postgen HBO Optimizations
--------------------+---------------------+--------------+--------------------+-----------+----------------------
 00:00:07(00:00:11) |  00:00:00(00:00:00) |   0.0(  0.0) |   15:12:50 (Oct10) |  241.6 MB | PBS_TechMap-Start
--------------------+---------------------+--------------+--------------------+-----------+----------------------
 00:00:07(00:00:11) |  00:00:00(00:00:00) |   0.0(  0.0) |   15:12:50 (Oct10) |  241.6 MB | PBS_TechMap-Premap HBO Optimizations
--------------------+---------------------+--------------+--------------------+-----------+----------------------
 00:00:08(00:00:11) |  00:00:00(00:00:00) |  24.9(  0.0) |   15:12:50 (Oct10) |  241.6 MB | PBS_Techmap-Global Mapping
--------------------+---------------------+--------------+--------------------+-----------+----------------------
 00:00:09(00:00:12) |  00:00:01(00:00:01) |  40.3( 50.0) |   15:12:51 (Oct10) |  531.2 MB | PBS_TechMap-Datapath Postmap Operations
--------------------+---------------------+--------------+--------------------+-----------+----------------------
 00:00:09(00:00:12) |  00:00:00(00:00:00) |  -0.0(  0.0) |   15:12:51 (Oct10) |  531.2 MB | PBS_TechMap-Postmap HBO Optimizations
--------------------+---------------------+--------------+--------------------+-----------+----------------------
 00:00:09(00:00:12) |  00:00:00(00:00:00) |   0.0(  0.0) |   15:12:51 (Oct10) |  531.2 MB | PBS_TechMap-Postmap Clock Gating
--------------------+---------------------+--------------+--------------------+-----------+----------------------
Number of threads: 8 * 1   (id: pbs_debug, time_info v1.57)
Info: (*N*) indicates data that was populated from previously saved time_info database
Info: CPU time includes time of parent + longest thread
-------------------------------------------------------------------------------
 hi_fo_buf                     0        0         0         0

           Trick     Calls     Accepts   Attempts    Time(secs) 
-----------------------------------------------------------
       hi_fo_buf         0  (        0 /        0 )  0.00

 
Incremental optimization status
===============================
                                    Worst     Total DRC Total
                           Total  Weighted     Neg       Max 
Operation                   Area  Neg Slk     Slack      Cap 
 init_delay                    0        0         0         0

           Trick     Calls     Accepts   Attempts    Time(secs) 
-----------------------------------------------------------
       crit_upsz         0  (        0 /        0 )  0.00
    plc_bal_star         0  (        0 /        0 )  0.00
     drc_buftimb         0  (        0 /        0 )  0.00
          plc_st         0  (        0 /        0 )  0.00
    plc_st_fence         0  (        0 /        0 )  0.00
        plc_star         0  (        0 /        0 )  0.00
      plc_laf_st         0  (        0 /        0 )  0.00
 plc_laf_st_fence         0  (        0 /        0 )  0.00
     drc_buftims         0  (        0 /        0 )  0.00
            fopt         0  (        0 /        0 )  0.00
   plc_laf_lo_st         0  (        0 /        0 )  0.00
       plc_lo_st         0  (        0 /        0 )  0.00
        mb_split         0  (        0 /        0 )  0.00

 
Local TNS optimization status
=============================
                                    Worst     Total DRC Total
                           Total  Weighted     Neg       Max 
Operation                   Area  Neg Slk     Slack      Cap 
 init_tns                      0        0         0         0

           Trick     Calls     Accepts   Attempts    Time(secs) 
-----------------------------------------------------------
    plc_bal_star         0  (        0 /        0 )  0.00
     drc_buftimb         0  (        0 /        0 )  0.00
     drc_buftims         0  (        0 /        0 )  0.00
       crit_upsz         0  (        0 /        0 )  0.00
   plc_laf_lo_st         0  (        0 /        0 )  0.00
       plc_lo_st         0  (        0 /        0 )  0.00
            fopt         0  (        0 /        0 )  0.00
       crit_dnsz         0  (        0 /        0 )  0.00
             dup         0  (        0 /        0 )  0.00
        setup_dn         0  (        0 /        0 )  0.00
        mb_split         0  (        0 /        0 )  0.00

PBS_TechMap-Postmap Cleanup - Elapsed_Time 0, CPU_Time -0.00035100000000021225
stamp 'PBS_TechMap-Postmap Cleanup' being created for table 'pbs_debug'

  Total Time (Wall) |  Stage Time (Wall)  |   % (Wall)   |    Date - Time     |  Memory   | Stage
--------------------+---------------------+--------------+--------------------+-----------+----------------------
 00:00:07(00:00:10) |  00:00:00(00:00:00) |   0.0(  0.0) |   15:12:49 (Oct10) |  241.6 MB | PBS_Generic-Start
--------------------+---------------------+--------------+--------------------+-----------+----------------------
 00:00:07(00:00:11) |  00:00:00(00:00:01) |  34.9( 50.0) |   15:12:50 (Oct10) |  241.6 MB | PBS_Generic_Opt-Post
--------------------+---------------------+--------------+--------------------+-----------+----------------------
 00:00:07(00:00:11) |  00:00:00(00:00:00) |   0.0(  0.0) |   15:12:50 (Oct10) |  241.6 MB | PBS_Generic-Postgen HBO Optimizations
--------------------+---------------------+--------------+--------------------+-----------+----------------------
 00:00:07(00:00:11) |  00:00:00(00:00:00) |   0.0(  0.0) |   15:12:50 (Oct10) |  241.6 MB | PBS_TechMap-Start
--------------------+---------------------+--------------+--------------------+-----------+----------------------
 00:00:07(00:00:11) |  00:00:00(00:00:00) |   0.0(  0.0) |   15:12:50 (Oct10) |  241.6 MB | PBS_TechMap-Premap HBO Optimizations
--------------------+---------------------+--------------+--------------------+-----------+----------------------
 00:00:08(00:00:11) |  00:00:00(00:00:00) |  24.9(  0.0) |   15:12:50 (Oct10) |  241.6 MB | PBS_Techmap-Global Mapping
--------------------+---------------------+--------------+--------------------+-----------+----------------------
 00:00:09(00:00:12) |  00:00:01(00:00:01) |  40.3( 50.0) |   15:12:51 (Oct10) |  531.2 MB | PBS_TechMap-Datapath Postmap Operations
--------------------+---------------------+--------------+--------------------+-----------+----------------------
 00:00:09(00:00:12) |  00:00:00(00:00:00) |  -0.0(  0.0) |   15:12:51 (Oct10) |  531.2 MB | PBS_TechMap-Postmap HBO Optimizations
--------------------+---------------------+--------------+--------------------+-----------+----------------------
 00:00:09(00:00:12) |  00:00:00(00:00:00) |   0.0(  0.0) |   15:12:51 (Oct10) |  531.2 MB | PBS_TechMap-Postmap Clock Gating
--------------------+---------------------+--------------+--------------------+-----------+----------------------
 00:00:09(00:00:12) |  00:00:00(00:00:00) |  -0.0(  0.0) |   15:12:51 (Oct10) |  531.2 MB | PBS_TechMap-Postmap Cleanup
--------------------+---------------------+--------------+--------------------+-----------+----------------------
Number of threads: 8 * 1   (id: pbs_debug, time_info v1.57)
Info: (*N*) indicates data that was populated from previously saved time_info database
Info: CPU time includes time of parent + longest thread
PBS_Techmap-Post_MBCI - Elapsed_Time 0, CPU_Time 0.0
stamp 'PBS_Techmap-Post_MBCI' being created for table 'pbs_debug'

  Total Time (Wall) |  Stage Time (Wall)  |   % (Wall)   |    Date - Time     |  Memory   | Stage
--------------------+---------------------+--------------+--------------------+-----------+----------------------
 00:00:07(00:00:10) |  00:00:00(00:00:00) |   0.0(  0.0) |   15:12:49 (Oct10) |  241.6 MB | PBS_Generic-Start
--------------------+---------------------+--------------+--------------------+-----------+----------------------
 00:00:07(00:00:11) |  00:00:00(00:00:01) |  34.9( 50.0) |   15:12:50 (Oct10) |  241.6 MB | PBS_Generic_Opt-Post
--------------------+---------------------+--------------+--------------------+-----------+----------------------
 00:00:07(00:00:11) |  00:00:00(00:00:00) |   0.0(  0.0) |   15:12:50 (Oct10) |  241.6 MB | PBS_Generic-Postgen HBO Optimizations
--------------------+---------------------+--------------+--------------------+-----------+----------------------
 00:00:07(00:00:11) |  00:00:00(00:00:00) |   0.0(  0.0) |   15:12:50 (Oct10) |  241.6 MB | PBS_TechMap-Start
--------------------+---------------------+--------------+--------------------+-----------+----------------------
 00:00:07(00:00:11) |  00:00:00(00:00:00) |   0.0(  0.0) |   15:12:50 (Oct10) |  241.6 MB | PBS_TechMap-Premap HBO Optimizations
--------------------+---------------------+--------------+--------------------+-----------+----------------------
 00:00:08(00:00:11) |  00:00:00(00:00:00) |  24.9(  0.0) |   15:12:50 (Oct10) |  241.6 MB | PBS_Techmap-Global Mapping
--------------------+---------------------+--------------+--------------------+-----------+----------------------
 00:00:09(00:00:12) |  00:00:01(00:00:01) |  40.3( 50.0) |   15:12:51 (Oct10) |  531.2 MB | PBS_TechMap-Datapath Postmap Operations
--------------------+---------------------+--------------+--------------------+-----------+----------------------
 00:00:09(00:00:12) |  00:00:00(00:00:00) |  -0.0(  0.0) |   15:12:51 (Oct10) |  531.2 MB | PBS_TechMap-Postmap HBO Optimizations
--------------------+---------------------+--------------+--------------------+-----------+----------------------
 00:00:09(00:00:12) |  00:00:00(00:00:00) |   0.0(  0.0) |   15:12:51 (Oct10) |  531.2 MB | PBS_TechMap-Postmap Clock Gating
--------------------+---------------------+--------------+--------------------+-----------+----------------------
 00:00:09(00:00:12) |  00:00:00(00:00:00) |  -0.0(  0.0) |   15:12:51 (Oct10) |  531.2 MB | PBS_TechMap-Postmap Cleanup
--------------------+---------------------+--------------+--------------------+-----------+----------------------
 00:00:09(00:00:12) |  00:00:00(00:00:00) |   0.0(  0.0) |   15:12:51 (Oct10) |  531.2 MB | PBS_Techmap-Post_MBCI
--------------------+---------------------+--------------+--------------------+-----------+----------------------
Number of threads: 8 * 1   (id: pbs_debug, time_info v1.57)
Info: (*N*) indicates data that was populated from previously saved time_info database
Info: CPU time includes time of parent + longest thread
##>=================== Cadence Confidential (Mapping-Logical) ===================
##>Main Thread Summary:
##>----------------------------------------------------------------------------------------
##>STEP                           Elapsed       WNS       TNS     Insts      Area    Memory
##>----------------------------------------------------------------------------------------
##>M:Initial                            0         -         -       195         0       241
##>M:Pre Cleanup                        0         -         -       195         0       241
##>M:Setup                              0         -         -         -         -         -
##>M:Launch ST                          0         -         -         -         -         -
##>M:Design Partition                   0         -         -         -         -         -
##>M:Create Partition Netlists          0         -         -         -         -         -
##>M:Init Power                         0         -         -         -         -         -
##>M:Budgeting                          0         -         -         -         -         -
##>M:Derenv-DB                          0         -         -         -         -         -
##>M:Debug Outputs                      0         -         -         -         -         -
##>M:ST loading                         0         -         -         -         -         -
##>M:Distributed                        0         -         -         -         -         -
##>M:Timer                              0         -         -         -         -         -
##>M:Assembly                           0         -         -         -         -         -
##>M:DFT                                0         -         -         -         -         -
##>M:DP Operations                      1         -         -       194         0       531
##>M:Const Prop                         0       463         0       194         0       531
##>M:Cleanup                            0       463         0       194         0       531
##>M:MBCI                               0         -         -       194         0       531
##>M:Const Gate Removal                 0         -         -         -         -         -
##>M:Misc                               0
##>----------------------------------------------------------------------------------------
##>Total Elapsed                        1
##>========================================================================================
Info    : Done mapping. [SYNTH-5]
        : Done mapping 'pe64_lookahead'.
      flow.cputime  flow.realtime  timing.setup.tns  timing.setup.wns  snapshot
UM:*                                                                   syn_map
@file(run.tcl) 16: syn_opt
Info    : Incrementally optimizing. [SYNTH-7]
        : Incrementally optimizing 'pe64_lookahead' using 'medium' effort.
 
Incremental optimization status
===============================
                                    Worst     Total DRC Total
                           Total  Weighted     Neg       Max 
Operation                   Area  Neg Slk     Slack      Cap 
 init_iopt                     0        0         0         0
IOPT-REDREM: Performing redundancy removal: Detected 0 redundant wires. CPU time 0.012 seconds.

-------------------------------------------------------------------------------
 const_prop                    0        0         0         0
 
Incremental optimization status
===============================
                                    Worst     Total DRC Total
                           Total  Weighted     Neg       Max 
Operation                   Area  Neg Slk     Slack      Cap 
 init_delay                    0        0         0         0

           Trick     Calls     Accepts   Attempts    Time(secs) 
-----------------------------------------------------------
       crit_upsz         0  (        0 /        0 )  0.00
    plc_bal_star         0  (        0 /        0 )  0.00
     drc_buftimb         0  (        0 /        0 )  0.00
          plc_st         0  (        0 /        0 )  0.00
    plc_st_fence         0  (        0 /        0 )  0.00
        plc_star         0  (        0 /        0 )  0.00
      plc_laf_st         0  (        0 /        0 )  0.00
 plc_laf_st_fence         0  (        0 /        0 )  0.00
     drc_buftims         0  (        0 /        0 )  0.00
   plc_laf_lo_st         0  (        0 /        0 )  0.00
       plc_lo_st         0  (        0 /        0 )  0.00
            fopt         0  (        0 /        0 )  0.00
       crit_dnsz         0  (        0 /        0 )  0.00
             dup         0  (        0 /        0 )  0.00
            fopt         0  (        0 /        0 )  0.00
        setup_dn         0  (        0 /        0 )  0.00
         buf2inv         0  (        0 /        0 )  0.00
        mb_split         0  (        0 /        0 )  0.00
             exp         0  (        0 /        0 )  0.00
       gate_deco         0  (        0 /        0 )  0.00
       gcomp_tim         0  (        0 /        0 )  0.00
  inv_pair_2_buf         0  (        0 /        0 )  0.00

 init_drc                      0        0         0         0

           Trick     Calls     Accepts   Attempts    Time(secs) 
-----------------------------------------------------------
          plc_st         0  (        0 /        0 )  0.00
        plc_star         0  (        0 /        0 )  0.00
        drc_bufs         0  (        0 /        0 )  0.00
        drc_fopt         0  (        0 /        0 )  0.00
        drc_bufb         0  (        0 /        0 )  0.00
      simple_buf         0  (        0 /        0 )  0.00
             dup         0  (        0 /        0 )  0.00
       crit_dnsz         0  (        0 /        0 )  0.00
       crit_upsz         0  (        0 /        0 )  0.00


           Trick     Calls     Accepts   Attempts    Time(secs) 
-----------------------------------------------------------
          plc_st         0  (        0 /        0 )  0.00
        plc_star         0  (        0 /        0 )  0.00
      drc_buf_sp         0  (        0 /        0 )  0.00
        drc_bufs         0  (        0 /        0 )  0.00
        drc_fopt         0  (        0 /        0 )  0.00
        drc_bufb         0  (        0 /        0 )  0.00
      simple_buf         0  (        0 /        0 )  0.00
             dup         0  (        0 /        0 )  0.00
       crit_dnsz         0  (        0 /        0 )  0.00
       crit_upsz         0  (        0 /        0 )  0.00


           Trick     Calls     Accepts   Attempts    Time(secs) 
-----------------------------------------------------------
          plc_st         0  (        0 /        0 )  0.00
        plc_star         0  (        0 /        0 )  0.00
      drc_buf_sp         0  (        0 /        0 )  0.00
        drc_bufs         0  (        0 /        0 )  0.00
        drc_fopt         0  (        0 /        0 )  0.00
        drc_bufb         0  (        0 /        0 )  0.00
             dup         0  (        0 /        0 )  0.00
       crit_dnsz         0  (        0 /        0 )  0.00
       crit_upsz         0  (        0 /        0 )  0.00

 init_tns                      0        0         0         0

           Trick     Calls     Accepts   Attempts    Time(secs) 
-----------------------------------------------------------
    plc_bal_star         0  (        0 /        0 )  0.00
     drc_buftimb         0  (        0 /        0 )  0.00
     drc_buftims         0  (        0 /        0 )  0.00
       crit_upsz         0  (        0 /        0 )  0.00
   plc_laf_lo_st         0  (        0 /        0 )  0.00
       plc_lo_st         0  (        0 /        0 )  0.00
            fopt         0  (        0 /        0 )  0.00
       crit_dnsz         0  (        0 /        0 )  0.00
             dup         0  (        0 /        0 )  0.00
        setup_dn         0  (        0 /        0 )  0.00
         buf2inv         0  (        0 /        0 )  0.00
        mb_split         0  (        0 /        0 )  0.00

 init_area                     0        0         0         0
 rem_buf                       0        0         0         0
 rem_inv                       0        0         0         0
 merge_bi                      0        0         0         0
 io_phase                      0        0         0         0
 gate_comp                     0        0         0         0
 rem_inv                       0        0         0         0

           Trick     Calls     Accepts   Attempts    Time(secs) 
-----------------------------------------------------------
           undup         0  (        0 /        0 )  0.00
         rem_buf         1  (        1 /        1 )  0.00
         rem_inv        14  (       14 /       14 )  0.01
        merge_bi         1  (        1 /        1 )  0.00
      rem_inv_qb         0  (        0 /        0 )  0.00
        io_phase        21  (       19 /       19 )  0.04
       gate_comp        14  (       12 /       12 )  0.03
       gcomp_mog         0  (        0 /        0 )  0.00
       glob_area        13  (        0 /       13 )  0.00
       area_down         0  (        0 /        0 )  0.00
      size_n_buf         0  (        0 /        0 )  0.00
  gate_deco_area         0  (        0 /        0 )  0.00
         rem_buf         0  (        0 /        0 )  0.00
         rem_inv         1  (        1 /        1 )  0.00
        merge_bi         0  (        0 /        0 )  0.00
      rem_inv_qb         0  (        0 /        0 )  0.00

 
Incremental optimization status
===============================
                                    Worst     Total DRC Total
                           Total  Weighted     Neg       Max 
Operation                   Area  Neg Slk     Slack      Cap 
 init_delay                    0        0         0         0

           Trick     Calls     Accepts   Attempts    Time(secs) 
-----------------------------------------------------------
       crit_upsz         0  (        0 /        0 )  0.00
    plc_bal_star         0  (        0 /        0 )  0.00
     drc_buftimb         0  (        0 /        0 )  0.00
          plc_st         0  (        0 /        0 )  0.00
    plc_st_fence         0  (        0 /        0 )  0.00
        plc_star         0  (        0 /        0 )  0.00
      plc_laf_st         0  (        0 /        0 )  0.00
 plc_laf_st_fence         0  (        0 /        0 )  0.00
     drc_buftims         0  (        0 /        0 )  0.00
   plc_laf_lo_st         0  (        0 /        0 )  0.00
       plc_lo_st         0  (        0 /        0 )  0.00
            fopt         0  (        0 /        0 )  0.00
       crit_dnsz         0  (        0 /        0 )  0.00
             dup         0  (        0 /        0 )  0.00
            fopt         0  (        0 /        0 )  0.00
        setup_dn         0  (        0 /        0 )  0.00
         buf2inv         0  (        0 /        0 )  0.00
        mb_split         0  (        0 /        0 )  0.00
             exp         0  (        0 /        0 )  0.00
       gate_deco         0  (        0 /        0 )  0.00
       gcomp_tim         0  (        0 /        0 )  0.00
  inv_pair_2_buf         0  (        0 /        0 )  0.00

 init_drc                      0        0         0         0

           Trick     Calls     Accepts   Attempts    Time(secs) 
-----------------------------------------------------------
          plc_st         0  (        0 /        0 )  0.00
        plc_star         0  (        0 /        0 )  0.00
        drc_bufs         0  (        0 /        0 )  0.00
        drc_fopt         0  (        0 /        0 )  0.00
        drc_bufb         0  (        0 /        0 )  0.00
      simple_buf         0  (        0 /        0 )  0.00
             dup         0  (        0 /        0 )  0.00
       crit_dnsz         0  (        0 /        0 )  0.00
       crit_upsz         0  (        0 /        0 )  0.00


           Trick     Calls     Accepts   Attempts    Time(secs) 
-----------------------------------------------------------
          plc_st         0  (        0 /        0 )  0.00
        plc_star         0  (        0 /        0 )  0.00
        drc_bufs         0  (        0 /        0 )  0.00
        drc_fopt         0  (        0 /        0 )  0.00
        drc_bufb         0  (        0 /        0 )  0.00
      simple_buf         0  (        0 /        0 )  0.00
             dup         0  (        0 /        0 )  0.00
       crit_dnsz         0  (        0 /        0 )  0.00
       crit_upsz         0  (        0 /        0 )  0.00


           Trick     Calls     Accepts   Attempts    Time(secs) 
-----------------------------------------------------------
          plc_st         0  (        0 /        0 )  0.00
        plc_star         0  (        0 /        0 )  0.00
        drc_bufs         0  (        0 /        0 )  0.00
        drc_fopt         0  (        0 /        0 )  0.00
        drc_bufb         0  (        0 /        0 )  0.00
             dup         0  (        0 /        0 )  0.00
       crit_dnsz         0  (        0 /        0 )  0.00
       crit_upsz         0  (        0 /        0 )  0.00

 init_area                     0        0         0         0

           Trick     Calls     Accepts   Attempts    Time(secs) 
-----------------------------------------------------------
           undup         0  (        0 /        0 )  0.00
         rem_buf         0  (        0 /        0 )  0.00
         rem_inv         0  (        0 /        0 )  0.00
        merge_bi         0  (        0 /        0 )  0.00
      rem_inv_qb         0  (        0 /        0 )  0.00
        io_phase         2  (        0 /        0 )  0.00
       gate_comp         1  (        0 /        0 )  0.01
       gcomp_mog         0  (        0 /        0 )  0.00
       glob_area        13  (        0 /       13 )  0.00
       area_down         0  (        0 /        0 )  0.00
      size_n_buf         0  (        0 /        0 )  0.00
  gate_deco_area         0  (        0 /        0 )  0.00

==================================
Stage : incr_opt 
==================================
  =================
   Message Summary
  =================
--------------------------------------------------------------------------------
|   Id    |Sev  |Count |                     Message Text                      |
--------------------------------------------------------------------------------
| CFM-1   |Info |    1 |Wrote dofile.                                          |
| CFM-5   |Info |    1 |Wrote formal verification information.                 |
| CFM-212 |Info |    1 |Forcing flat compare.                                  |
| CPI-506 |Info |    1 |Command 'commit_power_intent' cannot proceed as there  |
|         |     |      | is no power intent loaded.                            |
| PA-7    |Info |    4 |Resetting power analysis results.                      |
|         |     |      |All computed switching activities are removed.         |
| SYNTH-5 |Info |    1 |Done mapping.                                          |
| SYNTH-7 |Info |    1 |Incrementally optimizing.                              |
--------------------------------------------------------------------------------
Info    : Done incrementally optimizing. [SYNTH-8]
        : Done incrementally optimizing 'pe64_lookahead'.
      flow.cputime  flow.realtime  timing.setup.tns  timing.setup.wns  snapshot
UM:*                                                                   syn_opt
@file(run.tcl) 18: write_hdl > priority_netlist.v
@file(run.tcl) 19: write_sdc > priority_output.sdc
Finished SDC export (command execution time mm:ss (real) = 00:01).
@file(run.tcl) 21: report timing > priority_timing.rpt
@file(run.tcl) 22: report power > priority_power.rpt
Info    : Joules engine is used. [RPT-16]
        : Joules engine is being used for the command report_power.
Info   : ACTP-0001 [ACTPInfo] Activity propagation started for stim#0 netlist
       : pe64_lookahead
Info   : ACTP-0009 [ACTPInfo] Activity Propagation Progress Report :   0%   1%   2%   3%   4%   5%   6%   7%   8%   9%  10%  11%  12%  13%  14%  15%  16%  17%  18%  19%  20%  21%  22%  23%  24%  25%  26%  27%  28%  29%  30%  31%  32%  33%  34%  35%  36%  37%  38%  39%  40%  41%  42%  43%  44%  45%  46%  47%  48%  49%  50%  51%  52%  53%  54%  55%  56%  57%  58%  59%  60%  61%  62%  63%  64%  65%  66%  67%  68%  69%  70%  71%  72%  73%  74%  75%  76%  77%  78%  79%  80%  81%  82%  83%  84%  85%  86%  87%  88%  89%  90%  91%  92%  93%  94%  95%  96%  97%  98%  99% 100%
Info   : ACTP-0001 Activity propagation ended for stim#0
Info   : PWRA-0001 [PwrInfo] compute_power effective options 
       : -mode : vectorless
       : -skip_propagation : 1
       : -frequency_scaling_factor : 1.0
       : -use_clock_freq : stim
       : -stim :/stim#0
       : -fromGenus : 1
Info   : ACTP-0001 Timing initialization started
Info   : ACTP-0001 Timing initialization ended
Info   : PWRA-0002 [PwrInfo] Skipping activity propagation due to -skip_ap
       : option....
Warning: PWRA-0302 [PwrWarn] Frequency scaling is not applicable for vectorless
       : flow. Ignoring frequency scaling.
Warning: PWRA-0304 [PwrWarn] -stim option is not applicable with vectorless mode
       : of power analysis, ignored this option.
Info   : PWRA-0002 Started 'vectorless' power computation.
Info   : PWRA-0009 [PwrInfo] Power Computation Progress Report :   0%   1%   2%   3%   4%   5%   6%   7%   8%   9%  10%  11%  12%  13%  14%  15%  16%  17%  18%  19%  20%  21%  22%  23%  24%  25%  26%  27%  28%  29%  30%  31%  32%  33%  34%  35%  36%  37%  38%  39%  40%  41%  42%  43%  44%  45%  46%  47%  48%  49%  50%  51%  52%  53%  54%  55%  56%  57%  58%  59%  60%  61%  62%  63%  64%  65%  66%  67%  68%  69%  70%  71%  72%  73%  74%  75%  76%  77%  78%  79%  80%  81%  82%  83%  84%  85%  86%  87%  88%  89%  90%  91%  92%  93%  94%  95%  96%  97%  98%  99% 100%
Info   : PWRA-0002 Finished power computation.
Info   : PWRA-0007 [PwrInfo] Completed successfully.
       : Info=6, Warn=2, Error=0, Fatal=0
Output file: priority_power.rpt
@file(run.tcl) 23: report area  > priority_cell.rpt
@file(run.tcl) 24: report gates > priority_gates.rpt

*INFO : Above table contains 50 Lib-Cell having zero area.

@file(run.tcl) 26: gui_show
#@ End verbose source ./run.tcl
@genus:root: 2> report_area
============================================================
  Generated by:           Genus(TM) Synthesis Solution 20.11-s111_1
  Generated on:           Oct 10 2025  03:13:13 pm
  Module:                 pe64_lookahead
  Operating conditions:   slow (balanced_tree)
  Wireload mode:          enclosed
  Area mode:              timing library
============================================================

   Instance    Module  Cell Count  Cell Area  Net Area   Total Area   Wireload  
--------------------------------------------------------------------------------
pe64_lookahead                125      0.000     0.000        0.000 <none> (D)  
  (D) = wireload is default in technology library
@genus:root: 3> report_power
Info    : Joules engine is used. [RPT-16]
        : Joules engine is being used for the command report_power.
Instance: /pe64_lookahead
Power Unit: W
PDB Frames: /stim#0/frame#0
  -------------------------------------------------------------------------
    Category         Leakage     Internal    Switching        Total    Row%
  -------------------------------------------------------------------------
      memory     0.00000e+00  0.00000e+00  0.00000e+00  0.00000e+00   0.00%
    register     0.00000e+00  0.00000e+00  0.00000e+00  0.00000e+00   0.00%
       latch     0.00000e+00  0.00000e+00  0.00000e+00  0.00000e+00   0.00%
       logic     3.94026e-08  9.35505e-06  6.85649e-06  1.62509e-05 100.00%
        bbox     0.00000e+00  0.00000e+00  0.00000e+00  0.00000e+00   0.00%
       clock     0.00000e+00  0.00000e+00  0.00000e+00  0.00000e+00   0.00%
         pad     0.00000e+00  0.00000e+00  0.00000e+00  0.00000e+00   0.00%
          pm     0.00000e+00  0.00000e+00  0.00000e+00  0.00000e+00   0.00%
  -------------------------------------------------------------------------
    Subtotal     3.94026e-08  9.35505e-06  6.85649e-06  1.62509e-05 100.00%
  Percentage           0.24%       57.57%       42.19%      100.00% 100.00%
  -------------------------------------------------------------------------
@genus:root: 4> report_area
============================================================
  Generated by:           Genus(TM) Synthesis Solution 20.11-s111_1
  Generated on:           Oct 10 2025  03:13:38 pm
  Module:                 pe64_lookahead
  Operating conditions:   slow (balanced_tree)
  Wireload mode:          enclosed
  Area mode:              timing library
============================================================

   Instance    Module  Cell Count  Cell Area  Net Area   Total Area   Wireload  
--------------------------------------------------------------------------------
pe64_lookahead                125      0.000     0.000        0.000 <none> (D)  
  (D) = wireload is default in technology library
GTD-INFO: Parsing file top.mtarpt...
