============================================================
  Generated by:           Genus(TM) Synthesis Solution 20.11-s111_1
  Generated on:           Oct 10 2025  01:45:58 pm
  Module:                 pe64_lookahead
  Operating conditions:   slow (balanced_tree)
  Wireload mode:          enclosed
  Area mode:              timing library
============================================================


Path 1: MET (10 ps) Path Delay Check
     Startpoint: (F) d[61]
       Endpoint: (F) v

                   Capture    Launch  
      Path Delay:+    1200         -  
      Drv Adjust:+       0         0  
         Arrival:=    1200            
                                      
   Required Time:=    1200            
       Data Path:-    1190            
           Slack:=      10            

Exceptions/Constraints:
  max_delay             1200            constraints_input.sd_line_1 

#---------------------------------------------------------------------------------------
# Timing Point   Flags   Arc   Edge   Cell     Fanout Load Trans Delay Arrival Instance 
#                                                     (fF)  (ps)  (ps)   (ps)  Location 
#---------------------------------------------------------------------------------------
  d[61]          -       -     F     (arrival)      2  6.5     0     0       0    (-,-) 
  g2882__2398/Y  -       B->Y  R     NOR2X1         1  4.0   149   113     113    (-,-) 
  g2877__8246/Y  -       A->Y  F     NAND2X1        2  6.9   104    86     199    (-,-) 
  g2858__3680/Y  -       A->Y  R     NOR2X1         4 11.5   288   193     392    (-,-) 
  g2853__4319/Y  -       AN->Y R     NOR2BX1        4 14.3   341   305     697    (-,-) 
  g2851__5107/Y  -       A->Y  F     NAND2X1        4 13.3   180   145     842    (-,-) 
  g2845__6417/Y  -       A->Y  R     NOR2X1         6 19.0   423   287    1129    (-,-) 
  g2841__2346/Y  -       B->Y  F     NAND2XL        1  0.0    85    60    1190    (-,-) 
  v              -       -     F     (port)         -    -     -     0    1190    (-,-) 
#---------------------------------------------------------------------------------------

