============================================================
  Generated by:           Genus(TM) Synthesis Solution 20.11-s111_1
  Generated on:           Oct 10 2025  01:45:58 pm
  Module:                 pe64_lookahead
  Operating conditions:   slow (balanced_tree)
  Wireload mode:          enclosed
  Area mode:              timing library
============================================================

                              
  Gate    Instances    Area    Library  
----------------------------------------
AND2X1            7    93.139    tsmc18 
AND2X2            1    13.306    tsmc18 
AOI211XL          1    16.632    tsmc18 
AOI21XL           3    39.917    tsmc18 
AOI221XL          2    46.570    tsmc18 
AOI222XL          1    26.611    tsmc18 
AOI22XL          19   316.008    tsmc18 
AOI31XL           1    16.632    tsmc18 
INVXL             6    39.917    tsmc18 
NAND2BXL          2    26.611    tsmc18 
NAND2X1           4    39.917    tsmc18 
NAND2XL           4    39.917    tsmc18 
NAND3BXL          1    16.632    tsmc18 
NAND4BXL          2    39.917    tsmc18 
NAND4XL           4    66.528    tsmc18 
NOR2BX1           2    26.611    tsmc18 
NOR2X1            5    49.896    tsmc18 
NOR2X2            2    33.264    tsmc18 
NOR2XL            6    59.875    tsmc18 
NOR4X1           10   199.584    tsmc18 
OAI21XL           2    26.611    tsmc18 
OAI222XL          1    26.611    tsmc18 
OAI22XL           1    19.958    tsmc18 
OR2X2             1    13.306    tsmc18 
OR4X2             4    79.834    tsmc18 
----------------------------------------
total            92  1373.803           


                                         
     Type      Instances   Area   Area % 
-----------------------------------------
inverter               6   39.917    2.9 
logic                 86 1333.886   97.1 
physical_cells         0    0.000    0.0 
-----------------------------------------
total                 92 1373.803  100.0 

