
Cadence Innovus(TM) Implementation System.
Copyright 2020 Cadence Design Systems, Inc. All rights reserved worldwide.

Version:	v20.14-s095_1, built Mon Apr 19 14:41:42 PDT 2021
Options:	
Date:		Fri Oct 10 16:31:20 2025
Host:		cad28 (x86_64 w/Linux 3.10.0-1160.el7.x86_64) (6cores*12cpus*Intel(R) Core(TM) i7-8700 CPU @ 3.20GHz 12288KB)
OS:		Red Hat Enterprise Linux Server release 7.9 (Maipo)

License:
		invs	Innovus Implementation System	20.1	checkout succeeded
		8 CPU jobs allowed with the current license(s). Use setMultiCpuUsage to set your required CPU count.
Change the soft stacksize limit to 0.2%RAM (31 mbytes). Set global soft_stack_size_limit to change the value.

**INFO:  MMMC transition support version v31-84 

<CMD> set_global _enable_mmmc_by_default_flow      $CTE::mmmc_default
<CMD> suppressMessage ENCEXT-2799
<CMD> getVersion
<CMD> getVersion
<CMD> getVersion
[INFO] Loading PVS 20.11 fill procedures
<CMD> win
<CMD> set init_gnd_net VSS
<CMD> set init_lef_file ../../../install/FOUNDRY/digital/45nm/dig/lef/gsclib045_tech.lef
<CMD> set init_design_settop 0
<CMD> set init_verilog priority_netlist.v
<CMD> set init_mmmc_file Default.view
<CMD> set init_pwr_net {VDD }
<CMD> init_design
#% Begin Load MMMC data ... (date=10/10 16:38:55, mem=685.5M)
#% End Load MMMC data ... (date=10/10 16:38:55, total cpu=0:00:00.0, real=0:00:00.0, peak res=685.7M, current mem=685.7M)
Rc

Loading LEF file ../../../install/FOUNDRY/digital/45nm/dig/lef/gsclib045_tech.lef ...
**WARN: (IMPLF-155):	ViaRule only supports routing/cut layer, but poly layer found for viaRule 'M1_PO', 
**WARN: (IMPLF-155):	ViaRule only supports routing/cut layer, but poly layer found for viaRule 'M1_DIFF', 
**WARN: (IMPLF-155):	ViaRule only supports routing/cut layer, but poly layer found for viaRule 'M1_PSUB', 
**WARN: (IMPLF-155):	ViaRule only supports routing/cut layer, but poly layer found for viaRule 'M1_PIMP', 
**WARN: (IMPLF-155):	ViaRule only supports routing/cut layer, but poly layer found for viaRule 'M1_NIMP', 
**WARN: (IMPLF-155):	ViaRule only supports routing/cut layer, but poly layer found for viaRule 'M1_NWELL', 
Set DBUPerIGU to M2 pitch 400.

viaInitial starts at Fri Oct 10 16:38:55 2025
viaInitial ends at Fri Oct 10 16:38:55 2025

##  Check design process and node:  
##  Both design process and tech node are not set.

Loading view definition file from Default.view
Reading slow timing library '/home/install/FOUNDRY/digital/45nm/dig/lib/slow.lib' ...
Read 477 cells in library 'slow' 
Reading fast timing library '/home/install/FOUNDRY/digital/45nm/dig/lib/fast.lib' ...
Read 477 cells in library 'fast' 
*** End library_loading (cpu=0.01min, real=0.02min, mem=11.0M, fe_cpu=2.09min, fe_real=7.60min, fe_mem=816.6M) ***
#% Begin Load netlist data ... (date=10/10 16:38:56, mem=700.4M)
*** Begin netlist parsing (mem=816.6M) ***
Created 477 new cells from 2 timing libraries.
Reading netlist ...
Backslashed names will retain backslash and a trailing blank character.
Reading verilog netlist 'priority_netlist.v'

*** Memory Usage v#1 (Current mem = 816.578M, initial mem = 284.301M) ***
*** End netlist parsing (cpu=0:00:00.0, real=0:00:00.0, mem=816.6M) ***
#% End Load netlist data ... (date=10/10 16:38:56, total cpu=0:00:00.0, real=0:00:00.0, peak res=710.1M, current mem=710.1M)
Top level cell is pe64_lookahead.
Hooked 954 DB cells to tlib cells.
Starting recursive module instantiation check.
No recursion found.
Building hierarchical netlist for Cell pe64_lookahead ...
*** Netlist is unique.
**WARN: (IMPTRN-1101):	Could not determine power-rail locations in cells. Use default value GNDOnBtm.
**ERROR: (IMPREPO-102):	Instance g2693__2398 of the cell OAI21X1 has no physical library or has wrong dimen-
sion values (<=0). Check your design setup to make sure the physical
 library is loaded in and the attributes specified in physical library are correct.
Type 'man IMPREPO-102' for more detail.
**ERROR: (IMPREPO-102):	Instance g2697__6260 of the cell NAND2X1 has no physical library or has wrong dimen-
sion values (<=0). Check your design setup to make sure the physical
 library is loaded in and the attributes specified in physical library are correct.
Type 'man IMPREPO-102' for more detail.
**ERROR: (IMPREPO-102):	Instance g2695__4319 of the cell NOR3X1 has no physical library or has wrong dimen-
sion values (<=0). Check your design setup to make sure the physical
 library is loaded in and the attributes specified in physical library are correct.
Type 'man IMPREPO-102' for more detail.
**ERROR: (IMPREPO-102):	Instance g2696__8428 of the cell NOR2X1 has no physical library or has wrong dimen-
sion values (<=0). Check your design setup to make sure the physical
 library is loaded in and the attributes specified in physical library are correct.
Type 'man IMPREPO-102' for more detail.
**ERROR: (IMPREPO-102):	Instance g2700__5526 of the cell OAI21X1 has no physical library or has wrong dimen-
sion values (<=0). Check your design setup to make sure the physical
 library is loaded in and the attributes specified in physical library are correct.
Type 'man IMPREPO-102' for more detail.
**ERROR: (IMPREPO-102):	Instance g2704__6783 of the cell AOI21X2 has no physical library or has wrong dimen-
sion values (<=0). Check your design setup to make sure the physical
 library is loaded in and the attributes specified in physical library are correct.
Type 'man IMPREPO-102' for more detail.
**ERROR: (IMPREPO-102):	Instance g2705__1617 of the cell NAND4X2 has no physical library or has wrong dimen-
sion values (<=0). Check your design setup to make sure the physical
 library is loaded in and the attributes specified in physical library are correct.
Type 'man IMPREPO-102' for more detail.
**ERROR: (IMPREPO-102):	Instance g2703__2802 of the cell AOI21X2 has no physical library or has wrong dimen-
sion values (<=0). Check your design setup to make sure the physical
 library is loaded in and the attributes specified in physical library are correct.
Type 'man IMPREPO-102' for more detail.
**ERROR: (IMPREPO-102):	Instance g2702__1705 of the cell OAI21X2 has no physical library or has wrong dimen-
sion values (<=0). Check your design setup to make sure the physical
 library is loaded in and the attributes specified in physical library are correct.
Type 'man IMPREPO-102' for more detail.
**ERROR: (IMPREPO-102):	Instance g2701__5122 of the cell OAI21X2 has no physical library or has wrong dimen-
sion values (<=0). Check your design setup to make sure the physical
 library is loaded in and the attributes specified in physical library are correct.
Type 'man IMPREPO-102' for more detail.
**ERROR: (IMPREPO-102):	Instance g2712__6131 of the cell AOI21X1 has no physical library or has wrong dimen-
sion values (<=0). Check your design setup to make sure the physical
 library is loaded in and the attributes specified in physical library are correct.
Type 'man IMPREPO-102' for more detail.
**ERROR: (IMPREPO-102):	Instance g2708__1881 of the cell NOR2X1 has no physical library or has wrong dimen-
sion values (<=0). Check your design setup to make sure the physical
 library is loaded in and the attributes specified in physical library are correct.
Type 'man IMPREPO-102' for more detail.
**ERROR: (IMPREPO-102):	Instance g2709__5115 of the cell OAI21X2 has no physical library or has wrong dimen-
sion values (<=0). Check your design setup to make sure the physical
 library is loaded in and the attributes specified in physical library are correct.
Type 'man IMPREPO-102' for more detail.
**ERROR: (IMPREPO-102):	Instance g2721__7482 of the cell AOI21X2 has no physical library or has wrong dimen-
sion values (<=0). Check your design setup to make sure the physical
 library is loaded in and the attributes specified in physical library are correct.
Type 'man IMPREPO-102' for more detail.
**ERROR: (IMPREPO-102):	Instance g2718__6161 of the cell AOI21X2 has no physical library or has wrong dimen-
sion values (<=0). Check your design setup to make sure the physical
 library is loaded in and the attributes specified in physical library are correct.
Type 'man IMPREPO-102' for more detail.
**ERROR: (IMPREPO-102):	Instance g2707__9315 of the cell AOI211X4 has no physical library or has wrong dimen-
sion values (<=0). Check your design setup to make sure the physical
 library is loaded in and the attributes specified in physical library are correct.
Type 'man IMPREPO-102' for more detail.
**ERROR: (IMPREPO-102):	Instance g2720__9945 of the cell OAI21X2 has no physical library or has wrong dimen-
sion values (<=0). Check your design setup to make sure the physical
 library is loaded in and the attributes specified in physical library are correct.
Type 'man IMPREPO-102' for more detail.
**ERROR: (IMPREPO-102):	Instance g2714__2883 of the cell NOR2X1 has no physical library or has wrong dimen-
sion values (<=0). Check your design setup to make sure the physical
 library is loaded in and the attributes specified in physical library are correct.
Type 'man IMPREPO-102' for more detail.
**ERROR: (IMPREPO-102):	Instance g2734__2346 of the cell OAI221X2 has no physical library or has wrong dimen-
sion values (<=0). Check your design setup to make sure the physical
 library is loaded in and the attributes specified in physical library are correct.
Type 'man IMPREPO-102' for more detail.
**ERROR: (IMPREPO-102):	Instance g2724__6417 of the cell OAI221X2 has no physical library or has wrong dimen-
sion values (<=0). Check your design setup to make sure the physical
 library is loaded in and the attributes specified in physical library are correct.
Type 'man IMPREPO-102' for more detail.
**WARN: (EMS-27):	Message (IMPREPO-102) has exceeded the current message display limit of 20.
To increase the message display limit, refer to the product command reference manual.
** info: there are 955 modules.
** info: there are 125 stdCell insts.
**ERROR: (IMPREPO-103):	There are 125 instances (50 cells) with no dimension defined.

*** Memory Usage v#1 (Current mem = 863.004M, initial mem = 284.301M) ***
Horizontal Layer M1 offset = 190 (guessed)
Vertical Layer M2 offset = 200 (derived)
Suggestion: specify LAYER OFFSET in LEF file
Reason: hard to extract LAYER OFFSET from standard cells
Generated pitch 0.5 in M11 is different from 0.48 defined in technology file in unpreferred direction.
Generated pitch 0.5 in M11 is different from 0.48 defined in technology file in preferred direction.
Generated pitch 0.4 in M10 is different from 0.48 defined in technology file in unpreferred direction.
Generated pitch 0.5 in M10 is different from 0.48 defined in technology file in preferred direction.
Generated pitch 0.2 in M9 is different from 0.33 defined in technology file in unpreferred direction.
Generated pitch 0.4 in M9 is different from 0.33 defined in technology file in preferred direction.
Generated pitch 0.19 in M2 is different from 0.2 defined in technology file in unpreferred direction.
Generated pitch 0.2 in M1 is different from 0.19 defined in technology file in unpreferred direction.
Set Default Net Delay as 1000 ps.
Set Default Net Load as 0.5 pF. 
Set Default Input Pin Transition as 0.1 ps.
Extraction setup Started 
Initializing multi-corner RC extraction with 1 active RC Corners ...
Reading Capacitance Table File ../../../install/FOUNDRY/digital/45nm/dig/captable/cln28hpl_1p10m+alrdl_5x2yu2yz_typical.capTbl ...
Cap table was created using Encounter 10.10-b056_1.
Process name: cln28hpl_1p10m+alrdl_5x2yu2yz_typical.
Set Shrink Factor to 0.90000
Importing multi-corner RC tables ... 
Summary of Active RC-Corners : 
 
 Analysis View: wc
    RC-Corner Name        : Rc
    RC-Corner Index       : 0
    RC-Corner Temperature : 25 Celsius
    RC-Corner Cap Table   : '../../../install/FOUNDRY/digital/45nm/dig/captable/cln28hpl_1p10m+alrdl_5x2yu2yz_typical.capTbl'
    RC-Corner PreRoute Res Factor         : 1
    RC-Corner PreRoute Cap Factor         : 1
    RC-Corner PostRoute Res Factor        : 1 {1 1 1}
    RC-Corner PostRoute Cap Factor        : 1 {1 1 1}
    RC-Corner PostRoute XCap Factor       : 1 {1 1 1}
    RC-Corner PreRoute Clock Res Factor   : 1	[Derived from postRoute_res (effortLevel low)]
    RC-Corner PreRoute Clock Cap Factor   : 1	[Derived from postRoute_cap (effortLevel low)]
    RC-Corner PostRoute Clock Cap Factor  : 1 {1 1 1} 	[Derived from postRoute_cap (effortLevel low)]
    RC-Corner PostRoute Clock Res Factor  : 1 {1 1 1} 	[Derived from postRoute_res (effortLevel low)]
 
 Analysis View: bc
    RC-Corner Name        : Rc
    RC-Corner Index       : 0
    RC-Corner Temperature : 25 Celsius
    RC-Corner Cap Table   : '../../../install/FOUNDRY/digital/45nm/dig/captable/cln28hpl_1p10m+alrdl_5x2yu2yz_typical.capTbl'
    RC-Corner PreRoute Res Factor         : 1
    RC-Corner PreRoute Cap Factor         : 1
    RC-Corner PostRoute Res Factor        : 1 {1 1 1}
    RC-Corner PostRoute Cap Factor        : 1 {1 1 1}
    RC-Corner PostRoute XCap Factor       : 1 {1 1 1}
    RC-Corner PreRoute Clock Res Factor   : 1	[Derived from postRoute_res (effortLevel low)]
    RC-Corner PreRoute Clock Cap Factor   : 1	[Derived from postRoute_cap (effortLevel low)]
    RC-Corner PostRoute Clock Cap Factor  : 1 {1 1 1} 	[Derived from postRoute_cap (effortLevel low)]
    RC-Corner PostRoute Clock Res Factor  : 1 {1 1 1} 	[Derived from postRoute_res (effortLevel low)]
Updating RC grid for preRoute extraction ...
Initializing multi-corner capacitance tables ... 
Initializing multi-corner resistance tables ...
Creating RPSQ from WeeR and WRes ...
*Info: initialize multi-corner CTS.
Reading timing constraints file 'priority_output.sdc' ...
Current (total cpu=0:02:06, real=0:07:36, peak res=968.2M, current mem=968.2M)
**WARN: (TCLCMD-1461):	Skipped unsupported command: set_units (File priority_output.sdc, Line 9).

**WARN: (TCLCMD-1461):	Skipped unsupported command: set_units (File priority_output.sdc, Line 10).

pe64_lookahead
INFO (CTE): Reading of timing constraints file priority_output.sdc completed, with 2 WARNING
Ending "Constraint file reading stats" (total cpu=0:00:00.0, real=0:00:00.0, peak res=1000.4M, current mem=1000.4M)
Current (total cpu=0:02:06, real=0:07:36, peak res=1000.4M, current mem=1000.4M)
Total number of combinational cells: 0
Total number of sequential cells: 0
Total number of tristate cells: 0
Total number of level shifter cells: 0
Total number of power gating cells: 0
Total number of isolation cells: 0
Total number of power switch cells: 0
Total number of pulse generator cells: 0
Total number of always on buffers: 0
Total number of retention cells: 0
List of usable buffers:
Total number of usable buffers: 0
List of unusable buffers:
Total number of unusable buffers: 0
List of usable inverters:
Total number of usable inverters: 0
List of unusable inverters:
Total number of unusable inverters: 0
List of identified usable delay cells:
Total number of identified usable delay cells: 0
List of identified unusable delay cells:
Total number of identified unusable delay cells: 0
No delay cells were detected in the set of buffers. Buffers will be used to fix hold violations.
**WARN: (IMPOPT-3000):	Buffer footprint is not defined or is an invalid buffer footprint.
Type 'man IMPOPT-3000' for more detail.
**WARN: (IMPOPT-3001):	Inverter footprint is not defined or is an invalid inverter footprint.
Type 'man IMPOPT-3001' for more detail.

*** Summary of all messages that are not suppressed in this session:
Severity  ID               Count  Summary                                  
WARNING   IMPLF-155            6  ViaRule only supports routing/cut layer,...
WARNING   IMPTRN-1101          1  Could not determine power-rail locations...
WARNING   IMPOPT-3000          1  Buffer footprint is not defined or is an...
WARNING   IMPOPT-3001          1  Inverter footprint is not defined or is ...
ERROR     IMPREPO-102        125  Instance %s of the cell %s has no physic...
ERROR     IMPREPO-103          1  There are %d instances (%d cells) with n...
WARNING   TCLCMD-1461          2  Skipped unsupported command: %s          
*** Message Summary: 11 warning(s), 126 error(s)

<CMD> zoomBox -1.08000 0.03250 0.95200 1.01500
<CMD> zoomBox -1.44500 -0.01850 1.36800 1.34150
<CMD> zoomBox -0.93800 0.05250 0.78950 0.88750
<CMD> zoomBox -1.44400 -0.01700 1.36900 1.34300
<CMD> zoomBox -2.26750 -0.13000 2.31400 2.08500
<CMD> getIoFlowFlag
<CMD> setIoFlowFlag 0
<CMD> floorPlan -r 1.0 0.7 6 6 6 6
Adjusting Core to Bottom to: 6.0800.
Horizontal Layer M1 offset = 190 (guessed)
Vertical Layer M2 offset = 200 (derived)
Suggestion: specify LAYER OFFSET in LEF file
Reason: hard to extract LAYER OFFSET from standard cells
Generated pitch 0.5 in M11 is different from 0.48 defined in technology file in unpreferred direction.
Generated pitch 0.5 in M11 is different from 0.48 defined in technology file in preferred direction.
Generated pitch 0.4 in M10 is different from 0.48 defined in technology file in unpreferred direction.
Generated pitch 0.5 in M10 is different from 0.48 defined in technology file in preferred direction.
Generated pitch 0.2 in M9 is different from 0.33 defined in technology file in unpreferred direction.
Generated pitch 0.4 in M9 is different from 0.33 defined in technology file in preferred direction.
Generated pitch 0.19 in M2 is different from 0.2 defined in technology file in unpreferred direction.
Generated pitch 0.2 in M1 is different from 0.19 defined in technology file in unpreferred direction.
<CMD> uiSetTool select
<CMD> getIoFlowFlag
<CMD> fit
<CMD> zoomBox -5.29050 1.39450 17.37850 12.35400
<CMD> zoomBox -2.11400 2.89950 14.26550 10.81850
<CMD> zoomBox 2.51550 5.09100 9.78400 8.60500
<CMD> zoomBox 4.56950 6.06300 7.79500 7.62250
<CMD> zoomBox 5.35300 6.43400 7.03650 7.24800
<CMD> zoomBox 4.56900 6.06300 7.79450 7.62250
<CMD> zoomBox 3.06650 5.35200 9.24800 8.34050
<CMD> zoomBox 0.19000 3.99000 12.03250 9.71550
<CMD> zoomBox -5.32150 1.38100 17.36700 12.35000
<CMD> zoomBox -15.87950 -3.61650 27.58650 17.39750
<CMD> zoomBox -29.75700 -10.18600 41.02050 24.03250
<CMD> setSrouteMode -viaConnectToShape { noshape }
<CMD> sroute -connect { blockPin padPin padRing corePin floatingStripe } -layerChangeRange { M1(1) M11(11) } -blockPinTarget { nearestTarget } -padPinPortConnect { allPort oneGeom } -padPinTarget { nearestTarget } -corePinTarget { firstAfterRowEnd } -floatingStripeTarget { blockring padring ring stripe ringpin blockpin followpin } -allowJogging 1 -crossoverViaLayerRange { M1(1) M11(11) } -nets { VDD VSS } -allowLayerChange 1 -blockPin useLef -targetViaLayerRange { M1(1) M11(11) }
*** Begin SPECIAL ROUTE on Fri Oct 10 16:39:58 2025 ***
SPECIAL ROUTE ran on directory: /home/iiitdmk/Desktop/scalable_project3
SPECIAL ROUTE ran on machine: cad28 (Linux 3.10.0-1160.el7.x86_64 x86_64 4.36Ghz)

Begin option processing ...
srouteConnectPowerBump set to false
routeSelectNet set to "VDD VSS"
routeSpecial set to true
srouteBlockPin set to "useLef"
srouteBottomLayerLimit set to 1
srouteBottomTargetLayerLimit set to 1
srouteConnectConverterPin set to false
srouteCrossoverViaBottomLayer set to 1
srouteCrossoverViaTopLayer set to 11
srouteFloatingStripeTarget set to "blockring padring ring stripe ringpin blockpin followpin"
srouteFollowCorePinEnd set to 3
srouteJogControl set to "preferWithChanges differentLayer"
srouteNoViaOnWireShape set to "padring ring stripe blockring blockpin coverpin blockwire corewire followpin iowire"
sroutePadPinAllPorts set to true
sroutePreserveExistingRoutes set to true
srouteRoutePowerBarPortOnBothDir set to true
srouteStopBlockPin set to "nearestTarget"
srouteTopLayerLimit set to 11
srouteTopTargetLayerLimit set to 11
End option processing: cpu: 0:00:00, real: 0:00:00, peak: 2405.00 megs.

Reading DB technology information...
Finished reading DB technology information.
Reading floorplan and netlist information...
Finished reading floorplan and netlist information.
**WARN: (IMPSR-4302):	Cap-table/qrcTechFile is found in the design, so the same information from the technology file will be ignored.
Read in 23 layers, 11 routing layers, 1 overlap layer
Read in 2 nondefault rules, 0 used
Read in 0 macros, 0 used
Read in 71 logical pins
Read in 71 nets
Read in 2 special nets
2 nets selected.

Begin power routing ...
**WARN: (IMPSR-1253):	Unable to find any standard cell pin connected to the VDD net.
 Run the globalNetConnect command or change the CPF file to ensure that the netlist reflects the correct power ground connections. The standard cell pins must be defined as 'USE POWER' or 'USE GROUND' for the connection.
**WARN: (IMPSR-1254):	Unable to connect the specified objects, since block pins of the VDD net were not found in the design. Check netlist or change the parameter value to include block pins in the design.
**WARN: (IMPSR-1256):	Unable to find any CORE class pad pin of the VDD net due to unavailability of the pin or check netlist in the routing area or layer. Change routing area or layer to include the expected pin or check netlist. Alternatively, change port class in the technology file.
Type 'man IMPSR-1256' for more detail.
Cannot find any AREAIO class pad pin of net VDD. Check net list, or change port class in the technology file, or change option to include pin in given range.
**WARN: (IMPSR-1253):	Unable to find any standard cell pin connected to the VSS net.
 Run the globalNetConnect command or change the CPF file to ensure that the netlist reflects the correct power ground connections. The standard cell pins must be defined as 'USE POWER' or 'USE GROUND' for the connection.
**WARN: (IMPSR-1254):	Unable to connect the specified objects, since block pins of the VSS net were not found in the design. Check netlist or change the parameter value to include block pins in the design.
**WARN: (IMPSR-1256):	Unable to find any CORE class pad pin of the VSS net due to unavailability of the pin or check netlist in the routing area or layer. Change routing area or layer to include the expected pin or check netlist. Alternatively, change port class in the technology file.
Type 'man IMPSR-1256' for more detail.
Cannot find any AREAIO class pad pin of net VSS. Check net list, or change port class in the technology file, or change option to include pin in given range.
  Number of IO ports routed: 0
  Number of Block ports routed: 0
  Number of Stripe ports routed: 0
  Number of Core ports routed: 0
  Number of Pad ports routed: 0
  Number of Power Bump ports routed: 0
End power routing: cpu: 0:00:00, real: 0:00:00, peak: 2447.00 megs.



 Begin updating DB with routing results ...
 Updating DB with 0 via definition ...Extracting standard cell pins and blockage ...... 
Pin and blockage extraction finished

sroute created 0 wire.
ViaGen created 0 via, deleted 0 via to avoid violation.
<CMD> win off
